Exporter version: 6.3.0, Blender version: 2.80 (sub 75)
========= Conversion from Blender to Babylon.js =========
	Scene settings used :
		Inline textures     :  false
		Material Type       :  PBR
		Positions Precision :  4
		Normals Precision   :  3
		UVs Precision       :  3
		Vert Color Precision:  3
		Mat Weight Precision:  2
		Keep Z-up r-handed  :  no
		Texture directory   :  d:\Data\TFS\HTTP3D\secureinternal\HTTP3DInc\Blender\games\skeeball\
	Python World class constructor completed
	processing begun of camera (UniversalCamera):  Camera
	processing begun of mesh:  ICEFX
		processing begun of material:  ICEFXSub
		processing begun of material:  ICEFXGlassSub
			processing texture ICEFX_normal
				WARNING: Exception during copy:
					'd:\\Data\\TFS\\HTTP3D\\secureinternal\\HTTP3DInc\\Blender\\games\\skeeball\\ICEFX_normal.png' and 'd:\\Data\\TFS\\HTTP3D\\secureinternal\\HTTP3DInc\\Blender\\games\\skeeball\\ICEFX_normal.png' are the same file
				texture type:  bumpTexture, mapped using: "map1"
			processing texture ICEFX_diff
				WARNING: Exception during copy:
					'd:\\Data\\TFS\\HTTP3D\\secureinternal\\HTTP3DInc\\Blender\\games\\skeeball\\ICEFX_diff.png' and 'd:\\Data\\TFS\\HTTP3D\\secureinternal\\HTTP3DInc\\Blender\\games\\skeeball\\ICEFX_diff.png' are the same file
				texture type:  diffuseTexture, mapped using: "map1"
			processing texture ICEFX_spec
				WARNING: Exception during copy:
					'd:\\Data\\TFS\\HTTP3D\\secureinternal\\HTTP3DInc\\Blender\\games\\skeeball\\ICEFX_spec.png' and 'd:\\Data\\TFS\\HTTP3D\\secureinternal\\HTTP3DInc\\Blender\\games\\skeeball\\ICEFX_spec.png' are the same file
				texture type:  specularTexture, mapped using: "map1"
		processing begun of multimaterial:  skeeball.Multimaterial#0
		Custom split normals with tangents being used
		num positions      :  16139
		num normals        :  16139
		num tangents       :  64556
		num uvs            :  32278
		num uvs2           :  0
		num colors         :  0
		num indices        :  34398
	processing begun of node:  ICEFX_group
	processing begun of node:  cryExportNode_ICEFX
	processing begun of light (DIRECTIONAL):  Light
========= Writing of JSON file started =========
	writing mesh:  ICEFX
========= Writing of JSON file completed =========
========= end of processing =========
elapsed time:  0 min, 2.7349 secs
