Exporter version: 6.4.4, Blender version: 2.90.0
========= Conversion from Blender to Babylon.js =========
	Scene settings used :
		Inline textures     :  false
		Material Type       :  PBR
		Positions Precision :  4
		Normals Precision   :  3
		UVs Precision       :  3
		Vert Color Precision:  3
		Mat Weight Precision:  2
		Keep Z-up r-handed  :  no
		Texture directory   :  D:\Data\HTTP3DInc\Blender\cashiersuzie\
	Python World class constructor completed
	processing begun of skeleton:  Armature, id:  0
		processing begun of bone:  mixamorig4:Hips, index:  0
		processing begun of bone:  mixamorig4:Spine, index:  1
		processing begun of bone:  mixamorig4:Spine1, index:  2
		processing begun of bone:  mixamorig4:Spine2, index:  3
		processing begun of bone:  mixamorig4:Neck, index:  4
		processing begun of bone:  mixamorig4:Head, index:  5
		processing begun of bone:  mixamorig4:HeadTop_End, index:  6
		processing begun of bone:  mixamorig4:LeftShoulder, index:  7
		processing begun of bone:  mixamorig4:LeftArm, index:  8
		processing begun of bone:  mixamorig4:LeftForeArm, index:  9
		processing begun of bone:  mixamorig4:LeftHand, index:  10
		processing begun of bone:  mixamorig4:LeftHandThumb1, index:  11
		processing begun of bone:  mixamorig4:LeftHandThumb2, index:  12
		processing begun of bone:  mixamorig4:LeftHandThumb3, index:  13
		processing begun of bone:  mixamorig4:LeftHandThumb4, index:  14
		processing begun of bone:  mixamorig4:LeftHandIndex1, index:  15
		processing begun of bone:  mixamorig4:LeftHandIndex2, index:  16
		processing begun of bone:  mixamorig4:LeftHandIndex3, index:  17
		processing begun of bone:  mixamorig4:LeftHandIndex4, index:  18
		processing begun of bone:  mixamorig4:LeftHandMiddle1, index:  19
		processing begun of bone:  mixamorig4:LeftHandMiddle2, index:  20
		processing begun of bone:  mixamorig4:LeftHandMiddle3, index:  21
		processing begun of bone:  mixamorig4:LeftHandMiddle4, index:  22
		processing begun of bone:  mixamorig4:LeftHandRing1, index:  23
		processing begun of bone:  mixamorig4:LeftHandRing2, index:  24
		processing begun of bone:  mixamorig4:LeftHandRing3, index:  25
		processing begun of bone:  mixamorig4:LeftHandRing4, index:  26
		processing begun of bone:  mixamorig4:LeftHandPinky1, index:  27
		processing begun of bone:  mixamorig4:LeftHandPinky2, index:  28
		processing begun of bone:  mixamorig4:LeftHandPinky3, index:  29
		processing begun of bone:  mixamorig4:LeftHandPinky4, index:  30
		processing begun of bone:  mixamorig4:RightShoulder, index:  31
		processing begun of bone:  mixamorig4:RightArm, index:  32
		processing begun of bone:  mixamorig4:RightForeArm, index:  33
		processing begun of bone:  mixamorig4:RightHand, index:  34
		processing begun of bone:  mixamorig4:RightHandThumb1, index:  35
		processing begun of bone:  mixamorig4:RightHandThumb2, index:  36
		processing begun of bone:  mixamorig4:RightHandThumb3, index:  37
		processing begun of bone:  mixamorig4:RightHandThumb4, index:  38
		processing begun of bone:  mixamorig4:RightHandIndex1, index:  39
		processing begun of bone:  mixamorig4:RightHandIndex2, index:  40
		processing begun of bone:  mixamorig4:RightHandIndex3, index:  41
		processing begun of bone:  mixamorig4:RightHandIndex4, index:  42
		processing begun of bone:  mixamorig4:RightHandMiddle1, index:  43
		processing begun of bone:  mixamorig4:RightHandMiddle2, index:  44
		processing begun of bone:  mixamorig4:RightHandMiddle3, index:  45
		processing begun of bone:  mixamorig4:RightHandMiddle4, index:  46
		processing begun of bone:  mixamorig4:RightHandRing1, index:  47
		processing begun of bone:  mixamorig4:RightHandRing2, index:  48
		processing begun of bone:  mixamorig4:RightHandRing3, index:  49
		processing begun of bone:  mixamorig4:RightHandRing4, index:  50
		processing begun of bone:  mixamorig4:RightHandPinky1, index:  51
		processing begun of bone:  mixamorig4:RightHandPinky2, index:  52
		processing begun of bone:  mixamorig4:RightHandPinky3, index:  53
		processing begun of bone:  mixamorig4:RightHandPinky4, index:  54
		processing begun of bone:  mixamorig4:LeftUpLeg, index:  55
		processing begun of bone:  mixamorig4:LeftLeg, index:  56
		processing begun of bone:  mixamorig4:LeftFoot, index:  57
		processing begun of bone:  mixamorig4:LeftToeBase, index:  58
		processing begun of bone:  mixamorig4:LeftToe_End, index:  59
		processing begun of bone:  mixamorig4:RightUpLeg, index:  60
		processing begun of bone:  mixamorig4:RightLeg, index:  61
		processing begun of bone:  mixamorig4:RightFoot, index:  62
		processing begun of bone:  mixamorig4:RightToeBase, index:  63
		processing begun of bone:  mixamorig4:RightToe_End, index:  64
		processing action Armature|mixamo.com|Layer0:  in[1 - 219], out[0 - 219]
	processing begun of camera (UniversalCamera):  Camera
	processing begun of mesh:  Ch41_Coat
		processing begun of material:  Ch41_body
			processing texture Ch41_1001_Normal
				texture type:  bumpTexture, mapped using: "map1"
			processing texture Ch41_1001_Diffuse
				texture type:  diffuseTexture, mapped using: "map1"
			processing texture Ch41_1001_Specular
				texture type:  specularTexture, mapped using: "map1"
			processing texture Ch41_1001_Glossiness
				texture type:  value not meaningful 2, mapped using: "map1"
		Custom split normals with tangents being used
		num positions      :  6201
		num normals        :  6201
		num tangents       :  24804
		num uvs            :  12402
		num uvs2           :  0
		num colors         :  0
		num triangles      :  9760
		Skeleton stats:  
			Total Influencers:  17042
			Avg # of influencers per vertex:  2.7483
			Highest # of influencers observed:  5, num vertices with this:  123
			exported as 5 influencers
			num skeletonWeights and skeletonIndices:  49608
	processing begun of mesh:  Ch41_Body
		processing begun of material:  Ch41_body
		registered as also a user of material:  Ch41_body
		Custom split normals with tangents being used
		num positions      :  12119
		num normals        :  12119
		num tangents       :  48476
		num uvs            :  24238
		num uvs2           :  0
		num colors         :  0
		num triangles      :  19900
		Skeleton stats:  
			Total Influencers:  23640
			Avg # of influencers per vertex:  1.9507
			Highest # of influencers observed:  7, num vertices with this:  10
			exported as 7 influencers
			num skeletonWeights and skeletonIndices:  96952
	processing begun of mesh:  Ch41_Shirt
		processing begun of material:  Ch41_body
		registered as also a user of material:  Ch41_body
		Custom split normals with tangents being used
		num positions      :  283
		num normals        :  283
		num tangents       :  1132
		num uvs            :  566
		num uvs2           :  0
		num colors         :  0
		num triangles      :  364
		Skeleton stats:  
			Total Influencers:  818
			Avg # of influencers per vertex:  2.8905
			Highest # of influencers observed:  6, num vertices with this:  3
			exported as 6 influencers
			num skeletonWeights and skeletonIndices:  2264
	processing begun of mesh:  Ch41_Pants
		processing begun of material:  Ch41_body
		registered as also a user of material:  Ch41_body
		Custom split normals with tangents being used
		num positions      :  3355
		num normals        :  3355
		num tangents       :  13420
		num uvs            :  6710
		num uvs2           :  0
		num colors         :  0
		num triangles      :  5419
		Skeleton stats:  
			Total Influencers:  7418
			Avg # of influencers per vertex:  2.211
			Highest # of influencers observed:  5, num vertices with this:  2
			exported as 5 influencers
			num skeletonWeights and skeletonIndices:  26840
	processing begun of mesh:  Ch41_Eyelashes
		processing begun of material:  Ch41_hair
			processing texture Ch41_1001_Normal
				texture type:  bumpTexture, mapped using: "map1"
			processing texture Ch41_1002_Diffuse
				texture type:  diffuseTexture, mapped using: "map1"
		Custom split normals with tangents being used
		num positions      :  607
		num normals        :  607
		num tangents       :  2428
		num uvs            :  1214
		num uvs2           :  0
		num colors         :  0
		num triangles      :  768
		Skeleton stats:  
			Total Influencers:  607
			Avg # of influencers per vertex:  1
			Highest # of influencers observed:  1, num vertices with this:  607
			exported as 1 influencers
			num skeletonWeights and skeletonIndices:  2428
	processing begun of mesh:  Ch41_Hair
		processing begun of material:  Ch41_hair
		registered as also a user of material:  Ch41_hair
		Custom split normals with tangents being used
		num positions      :  9951
		num normals        :  9951
		num tangents       :  39804
		num uvs            :  19902
		num uvs2           :  0
		num colors         :  0
		num triangles      :  11976
		Skeleton stats:  
			Total Influencers:  12065
			Avg # of influencers per vertex:  1.2124
			Highest # of influencers observed:  3, num vertices with this:  127
			exported as 3 influencers
			num skeletonWeights and skeletonIndices:  39804
	processing begun of mesh:  Ch41_Shoe
		processing begun of material:  Ch41_body
		registered as also a user of material:  Ch41_body
		Custom split normals with tangents being used
		num positions      :  1910
		num normals        :  1910
		num tangents       :  7640
		num uvs            :  3820
		num uvs2           :  0
		num colors         :  0
		num triangles      :  2576
		Skeleton stats:  
			Total Influencers:  3063
			Avg # of influencers per vertex:  1.6037
			Highest # of influencers observed:  2, num vertices with this:  1153
			exported as 2 influencers
			num skeletonWeights and skeletonIndices:  7640
	processing begun of light (POINT):  Light
========= Writing of JSON file started =========
	writing mesh:  Ch41_Coat
	writing mesh:  Ch41_Body
	writing mesh:  Ch41_Shirt
	writing mesh:  Ch41_Pants
	writing mesh:  Ch41_Eyelashes
	writing mesh:  Ch41_Hair
	writing mesh:  Ch41_Shoe
========= Writing of JSON file completed =========
========= end of processing =========
elapsed time:  0 min, 52.5298 secs
