Exporter version: 6.3.1, Blender version: 2.82 (sub 7)
========= Conversion from Blender to Babylon.js =========
	Scene settings used :
		Inline textures     :  false
		Material Type       :  PBR
		Positions Precision :  4
		Normals Precision   :  3
		UVs Precision       :  3
		Vert Color Precision:  3
		Mat Weight Precision:  2
		Keep Z-up r-handed  :  no
		Texture directory   :  D:\Data\HTTP3DInc\Blender\building\dualstore\inside\
	Python World class constructor completed
	processing begun of camera (UniversalCamera):  Camera
	processing begun of mesh:  inside top
		processing begun of material:  window rock
		processing begun of material:  red wood
		processing begun of material:  painted plaster
		processing begun of material:  black metal
		processing begun of material:  yellow wood
		processing begun of material:  window
		processing begun of material:  pent tiles
			processing texture windowrock_color
				texture type:  diffuseTexture, mapped using: "UVMap"
			processing texture redwoodsiding_color
				texture type:  diffuseTexture, mapped using: "UVMap"
			processing texture redwoodsiding_roughness
				texture type:  value not meaningful 2, mapped using: "UVMap"
			processing texture redwoodsiding_normal
				texture type:  bumpTexture, mapped using: "UVMap"
			processing texture paintedplaster_color
				texture type:  diffuseTexture, mapped using: "UVMap"
			processing texture paintedplaster_roughness
				texture type:  value not meaningful 2, mapped using: "UVMap"
			processing texture paintedplaster_normal
				texture type:  bumpTexture, mapped using: "UVMap"
			processing texture blackmetal_color
				texture type:  diffuseTexture, mapped using: "UVMap"
			processing texture blackmetal_metalness
				texture type:  metallicTexture, mapped using: "UVMap"
			processing texture blackmetal_roughness
				texture type:  value not meaningful 2, mapped using: "UVMap"
			processing texture blackmetal_normal
				texture type:  bumpTexture, mapped using: "UVMap"
			processing texture yellowwood_color
				texture type:  diffuseTexture, mapped using: "UVMap"
			processing texture yellowwood_roughness
				texture type:  value not meaningful 2, mapped using: "UVMap"
			processing texture yellowwood_normal
				texture type:  bumpTexture, mapped using: "UVMap"
			processing texture penttiles_color
				WARNING: Exception during copy:
					'd:\\Data\\HTTP3DInc\\Blender\\building\\dualstore\\inside\\penttiles_color.jpg' and 'D:\\Data\\HTTP3DInc\\Blender\\building\\dualstore\\inside\\penttiles_color.jpg' are the same file
				texture type:  diffuseTexture, mapped using: "UVMap"
			processing texture penttiles_roughness
				WARNING: Exception during copy:
					'd:\\Data\\HTTP3DInc\\Blender\\building\\dualstore\\inside\\penttiles_roughness.jpg' and 'D:\\Data\\HTTP3DInc\\Blender\\building\\dualstore\\inside\\penttiles_roughness.jpg' are the same file
				texture type:  value not meaningful 2, mapped using: "UVMap"
			processing texture penttiles_normal
				WARNING: Exception during copy:
					'd:\\Data\\HTTP3DInc\\Blender\\building\\dualstore\\inside\\penttiles_normal.jpg' and 'D:\\Data\\HTTP3DInc\\Blender\\building\\dualstore\\inside\\penttiles_normal.jpg' are the same file
				texture type:  bumpTexture, mapped using: "UVMap"
		processing begun of multimaterial:  dualstore_top.Multimaterial#0
		num positions      :  2521
		num normals        :  2521
		num tangents       :  0
		num uvs            :  5042
		num uvs2           :  0
		num colors         :  0
		num indices        :  2892
	processing begun of light (POINT):  Light
========= Writing of JSON file started =========
	writing mesh:  inside top
========= Writing of JSON file completed =========
========= end of processing =========
elapsed time:  0 min, 0.7001 secs
