Exporter version: 2.93.5, Blender version: 3.2.1
========= Conversion from Blender to Babylon.js =========
	Scene settings used :
		Inline textures     :  false
		Material Type       :  PBR
		Positions Precision :  4
		Normals Precision   :  3
		UVs Precision       :  3
		Vert Color Precision:  3
		Mat Weight Precision:  2
		Keep Z-up r-handed  :  no
		Texture directory   :  C:\Data\HTTP3DInc\Blender\building\bar\
	Python World class constructor completed
	processing begun of mesh:  bar
		processing begun of material:  red wood
		processing begun of material:  yellowwood
		processing begun of material:  blue gravel
		processing begun of material:  shiny metal
		processing begun of material:  black leather
			processing texture redwoodsiding_color
				texture type:  diffuseTexture, mapped using: "UVMap"
			processing texture redwoodsiding_roughness
				texture type:  value not meaningful 2, mapped using: "UVMap"
			processing texture redwoodsiding_normal
				texture type:  bumpTexture, mapped using: "UVMap"
			processing texture yellowwood_color
				texture type:  diffuseTexture, mapped using: "UVMap"
			processing texture yellowwood_metalness
				texture type:  metallicTexture, mapped using: "UVMap"
			processing texture yellowwood_roughness
				texture type:  value not meaningful 2, mapped using: "UVMap"
			processing texture yellowwood_normal
				texture type:  bumpTexture, mapped using: "UVMap"
			processing texture bluegravel_color
				texture type:  diffuseTexture, mapped using: "UVMap"
			processing texture bluegravel_roughness
				texture type:  value not meaningful 2, mapped using: "UVMap"
			processing texture bluegravel_normal
				texture type:  bumpTexture, mapped using: "UVMap"
			processing texture shinymetal_color
				texture type:  diffuseTexture, mapped using: "UVMap"
			processing texture shinymetal_metalness
				texture type:  metallicTexture, mapped using: "UVMap"
			processing texture shinymetal_roughness
				texture type:  value not meaningful 2, mapped using: "UVMap"
			processing texture shinymetal_normal
				texture type:  bumpTexture, mapped using: "UVMap"
			processing texture blackleather_color
				texture type:  diffuseTexture, mapped using: "UVMap"
			processing texture blackleather_roughness
				texture type:  value not meaningful 2, mapped using: "UVMap"
			processing texture blackleather_normal
				texture type:  bumpTexture, mapped using: "UVMap"
		processing begun of multimaterial:  woodbar.Multimaterial#0
		num positions      :  9860
		num normals        :  9860
		num tangents       :  0
		num uvs            :  19720
		num uvs2           :  0
		num colors         :  0
		num triangles      :  3821
	processing begun of camera (UniversalCamera):  Camera
	processing begun of mesh:  door
		processing begun of material:  red wood
		registered as also a user of material:  red wood
		num positions      :  139
		num normals        :  139
		num tangents       :  0
		num uvs            :  278
		num uvs2           :  0
		num colors         :  0
		num triangles      :  54
	processing begun of mesh:  brassbar
		processing begun of material:  brass
			processing texture brass_color
				texture type:  diffuseTexture, mapped using: "UVMap"
			processing texture brass_metalness
				texture type:  metallicTexture, mapped using: "UVMap"
			processing texture brass_roughness
				texture type:  value not meaningful 2, mapped using: "UVMap"
			processing texture brass_normal
				texture type:  bumpTexture, mapped using: "UVMap"
		num positions      :  584
		num normals        :  584
		num tangents       :  0
		num uvs            :  1168
		num uvs2           :  0
		num colors         :  0
		num triangles      :  806
	processing begun of light (POINT):  Light
========= Writing of JSON file started =========
	writing mesh:  bar
	writing mesh:  door
	writing mesh:  brassbar
========= Writing of JSON file completed =========
========= end of processing =========
elapsed time:  0 min, 0.5549 secs
