Exporter version: 6.4.4, Blender version: 2.90.0
========= Conversion from Blender to Babylon.js =========
	Scene settings used :
		Inline textures     :  false
		Material Type       :  PBR
		Positions Precision :  4
		Normals Precision   :  3
		UVs Precision       :  3
		Vert Color Precision:  3
		Mat Weight Precision:  2
		Keep Z-up r-handed  :  no
		Texture directory   :  D:\Data\HTTP3DInc\Blender\cashierlewis\
	Python World class constructor completed
	processing begun of skeleton:  Armature, id:  0
		processing begun of bone:  mixamorig4:Hips, index:  0
		processing begun of bone:  mixamorig4:Spine, index:  1
		processing begun of bone:  mixamorig4:Spine1, index:  2
		processing begun of bone:  mixamorig4:Spine2, index:  3
		processing begun of bone:  mixamorig4:Neck, index:  4
		processing begun of bone:  mixamorig4:Head, index:  5
		processing begun of bone:  mixamorig4:HeadTop_End, index:  6
		processing begun of bone:  mixamorig4:LeftShoulder, index:  7
		processing begun of bone:  mixamorig4:LeftArm, index:  8
		processing begun of bone:  mixamorig4:LeftForeArm, index:  9
		processing begun of bone:  mixamorig4:LeftHand, index:  10
		processing begun of bone:  mixamorig4:LeftHandThumb1, index:  11
		processing begun of bone:  mixamorig4:LeftHandThumb2, index:  12
		processing begun of bone:  mixamorig4:LeftHandThumb3, index:  13
		processing begun of bone:  mixamorig4:LeftHandThumb4, index:  14
		processing begun of bone:  mixamorig4:LeftHandIndex1, index:  15
		processing begun of bone:  mixamorig4:LeftHandIndex2, index:  16
		processing begun of bone:  mixamorig4:LeftHandIndex3, index:  17
		processing begun of bone:  mixamorig4:LeftHandIndex4, index:  18
		processing begun of bone:  mixamorig4:LeftHandMiddle1, index:  19
		processing begun of bone:  mixamorig4:LeftHandMiddle2, index:  20
		processing begun of bone:  mixamorig4:LeftHandMiddle3, index:  21
		processing begun of bone:  mixamorig4:LeftHandMiddle4, index:  22
		processing begun of bone:  mixamorig4:LeftHandRing1, index:  23
		processing begun of bone:  mixamorig4:LeftHandRing2, index:  24
		processing begun of bone:  mixamorig4:LeftHandRing3, index:  25
		processing begun of bone:  mixamorig4:LeftHandRing4, index:  26
		processing begun of bone:  mixamorig4:LeftHandPinky1, index:  27
		processing begun of bone:  mixamorig4:LeftHandPinky2, index:  28
		processing begun of bone:  mixamorig4:LeftHandPinky3, index:  29
		processing begun of bone:  mixamorig4:LeftHandPinky4, index:  30
		processing begun of bone:  mixamorig4:RightShoulder, index:  31
		processing begun of bone:  mixamorig4:RightArm, index:  32
		processing begun of bone:  mixamorig4:RightForeArm, index:  33
		processing begun of bone:  mixamorig4:RightHand, index:  34
		processing begun of bone:  mixamorig4:RightHandThumb1, index:  35
		processing begun of bone:  mixamorig4:RightHandThumb2, index:  36
		processing begun of bone:  mixamorig4:RightHandThumb3, index:  37
		processing begun of bone:  mixamorig4:RightHandThumb4, index:  38
		processing begun of bone:  mixamorig4:RightHandIndex1, index:  39
		processing begun of bone:  mixamorig4:RightHandIndex2, index:  40
		processing begun of bone:  mixamorig4:RightHandIndex3, index:  41
		processing begun of bone:  mixamorig4:RightHandIndex4, index:  42
		processing begun of bone:  mixamorig4:RightHandMiddle1, index:  43
		processing begun of bone:  mixamorig4:RightHandMiddle2, index:  44
		processing begun of bone:  mixamorig4:RightHandMiddle3, index:  45
		processing begun of bone:  mixamorig4:RightHandMiddle4, index:  46
		processing begun of bone:  mixamorig4:RightHandRing1, index:  47
		processing begun of bone:  mixamorig4:RightHandRing2, index:  48
		processing begun of bone:  mixamorig4:RightHandRing3, index:  49
		processing begun of bone:  mixamorig4:RightHandRing4, index:  50
		processing begun of bone:  mixamorig4:RightHandPinky1, index:  51
		processing begun of bone:  mixamorig4:RightHandPinky2, index:  52
		processing begun of bone:  mixamorig4:RightHandPinky3, index:  53
		processing begun of bone:  mixamorig4:RightHandPinky4, index:  54
		processing begun of bone:  mixamorig4:LeftUpLeg, index:  55
		processing begun of bone:  mixamorig4:LeftLeg, index:  56
		processing begun of bone:  mixamorig4:LeftFoot, index:  57
		processing begun of bone:  mixamorig4:LeftToeBase, index:  58
		processing begun of bone:  mixamorig4:LeftToe_End, index:  59
		processing begun of bone:  mixamorig4:RightUpLeg, index:  60
		processing begun of bone:  mixamorig4:RightLeg, index:  61
		processing begun of bone:  mixamorig4:RightFoot, index:  62
		processing begun of bone:  mixamorig4:RightToeBase, index:  63
		processing begun of bone:  mixamorig4:RightToe_End, index:  64
		processing action Armature|mixamo.com|Layer0:  in[1 - 219], out[0 - 219]
	processing begun of camera (UniversalCamera):  Camera
	processing begun of mesh:  Ch12
		processing begun of material:  Ch12_body
		processing begun of material:  Ch12_hair
			processing texture Ch12_1001_Normal
				texture type:  bumpTexture, mapped using: "map1"
			processing texture Ch12_1001_Diffuse
				texture type:  diffuseTexture, mapped using: "map1"
			processing texture Ch12_1001_Specular
				texture type:  specularTexture, mapped using: "map1"
			processing texture Ch12_1001_Glossiness
				texture type:  value not meaningful 2, mapped using: "map1"
			processing texture Ch12_1001_Normal
				texture type:  bumpTexture, mapped using: "map1"
			processing texture Ch12_1001_Diffuse
				texture type:  diffuseTexture, mapped using: "map1"
		processing begun of multimaterial:  cashier_lewis.Multimaterial#0
		Custom split normals with tangents being used
		num positions      :  39776
		num normals        :  39776
		num tangents       :  159104
		num uvs            :  79552
		num uvs2           :  0
		num colors         :  0
		num triangles      :  49180
		Skeleton stats:  
			Total Influencers:  68523
			Avg # of influencers per vertex:  1.7227
			Highest # of influencers observed:  6, num vertices with this:  18
			exported as 6 influencers
			num skeletonWeights and skeletonIndices:  318208
	processing begun of light (POINT):  Light
========= Writing of JSON file started =========
	writing mesh:  Ch12
========= Writing of JSON file completed =========
========= end of processing =========
elapsed time:  0 min, 57.2251 secs
