Exporter version: 2.80.1, Blender version: 2.90.0
========= Conversion from Blender to Babylon.js =========
	Scene settings used :
		Inline textures     :  false
		Material Type       :  PBR
		Positions Precision :  4
		Normals Precision   :  3
		UVs Precision       :  3
		Vert Color Precision:  3
		Mat Weight Precision:  2
		Keep Z-up r-handed  :  no
		Texture directory   :  D:\Data\HTTP3DInc\Blender\avatars\peasantgirl\
	Python World class constructor completed
	processing begun of skeleton:  Armature, id:  0
		processing begun of bone:  Hips, index:  0
		processing begun of bone:  Spine, index:  1
		processing begun of bone:  Spine1, index:  2
		processing begun of bone:  Spine2, index:  3
		processing begun of bone:  Neck, index:  4
		processing begun of bone:  Head, index:  5
		processing begun of bone:  HeadTop_End, index:  6
		processing begun of bone:  LeftShoulder, index:  7
		processing begun of bone:  LeftArm, index:  8
		processing begun of bone:  LeftForeArm, index:  9
		processing begun of bone:  LeftHand, index:  10
		processing begun of bone:  LeftHandThumb1, index:  11
		processing begun of bone:  LeftHandThumb2, index:  12
		processing begun of bone:  LeftHandThumb3, index:  13
		processing begun of bone:  LeftHandThumb4, index:  14
		processing begun of bone:  LeftHandIndex1, index:  15
		processing begun of bone:  LeftHandIndex2, index:  16
		processing begun of bone:  LeftHandIndex3, index:  17
		processing begun of bone:  LeftHandIndex4, index:  18
		processing begun of bone:  LeftHandMiddle1, index:  19
		processing begun of bone:  LeftHandMiddle2, index:  20
		processing begun of bone:  LeftHandMiddle3, index:  21
		processing begun of bone:  LeftHandMiddle4, index:  22
		processing begun of bone:  LeftHandRing1, index:  23
		processing begun of bone:  LeftHandRing2, index:  24
		processing begun of bone:  LeftHandRing3, index:  25
		processing begun of bone:  LeftHandRing4, index:  26
		processing begun of bone:  LeftHandPinky1, index:  27
		processing begun of bone:  LeftHandPinky2, index:  28
		processing begun of bone:  LeftHandPinky3, index:  29
		processing begun of bone:  LeftHandPinky4, index:  30
		processing begun of bone:  RightShoulder, index:  31
		processing begun of bone:  RightArm, index:  32
		processing begun of bone:  RightForeArm, index:  33
		processing begun of bone:  RightHand, index:  34
		processing begun of bone:  RightHandThumb1, index:  35
		processing begun of bone:  RightHandThumb2, index:  36
		processing begun of bone:  RightHandThumb3, index:  37
		processing begun of bone:  RightHandThumb4, index:  38
		processing begun of bone:  RightHandIndex1, index:  39
		processing begun of bone:  RightHandIndex2, index:  40
		processing begun of bone:  RightHandIndex3, index:  41
		processing begun of bone:  RightHandIndex4, index:  42
		processing begun of bone:  RightHandMiddle1, index:  43
		processing begun of bone:  RightHandMiddle2, index:  44
		processing begun of bone:  RightHandMiddle3, index:  45
		processing begun of bone:  RightHandMiddle4, index:  46
		processing begun of bone:  RightHandRing1, index:  47
		processing begun of bone:  RightHandRing2, index:  48
		processing begun of bone:  RightHandRing3, index:  49
		processing begun of bone:  RightHandRing4, index:  50
		processing begun of bone:  RightHandPinky1, index:  51
		processing begun of bone:  RightHandPinky2, index:  52
		processing begun of bone:  RightHandPinky3, index:  53
		processing begun of bone:  RightHandPinky4, index:  54
		processing begun of bone:  LeftUpLeg, index:  55
		processing begun of bone:  LeftLeg, index:  56
		processing begun of bone:  LeftFoot, index:  57
		processing begun of bone:  LeftToeBase, index:  58
		processing begun of bone:  LeftToe_End, index:  59
		processing begun of bone:  RightUpLeg, index:  60
		processing begun of bone:  RightLeg, index:  61
		processing begun of bone:  RightFoot, index:  62
		processing begun of bone:  RightToeBase, index:  63
		processing begun of bone:  RightToe_End, index:  64
		processing action Armature|mixamo.com|Layer0:  in[1 - 145], out[0 - 145]
	processing begun of camera (UniversalCamera):  Camera
	processing begun of mesh:  Body
		processing begun of material:  body
			processing texture Peasant_Girl_normal
				texture type:  bumpTexture, mapped using: "map1"
			processing texture Peasant_Girl_diffuse
				texture type:  diffuseTexture, mapped using: "map1"
			processing texture Peasant_Girl_specular
				texture type:  specularTexture, mapped using: "map1"
		Custom split normals with tangents being used
		num positions      :  1606
		num normals        :  1606
		num tangents       :  6424
		num uvs            :  3212
		num uvs2           :  3212
		num colors         :  0
		num triangles      :  1799
		Skeleton stats:  
			Total Influencers:  2799
			Avg # of influencers per vertex:  1.7428
			Highest # of influencers observed:  5, num vertices with this:  1
			exported as 5 influencers
			num skeletonWeights and skeletonIndices:  12848
	processing begun of mesh:  Skirt
		processing begun of material:  skirt
			processing texture Peasant_Girl_normal
				texture type:  bumpTexture, mapped using: "map1"
			processing texture Peasant_Girl_diffuse
				texture type:  diffuseTexture, mapped using: "map1"
			processing texture Peasant_Girl_specular
				texture type:  specularTexture, mapped using: "map1"
		Custom split normals with tangents being used
		num positions      :  143
		num normals        :  143
		num tangents       :  572
		num uvs            :  286
		num uvs2           :  286
		num colors         :  0
		num triangles      :  217
		Skeleton stats:  
			Total Influencers:  357
			Avg # of influencers per vertex:  2.4965
			Highest # of influencers observed:  4, num vertices with this:  20
			exported as 4 influencers
			num skeletonWeights and skeletonIndices:  572
	processing begun of mesh:  Shoes
		processing begun of material:  shoes
			processing texture Peasant_Girl_normal
				texture type:  bumpTexture, mapped using: "map1"
			processing texture Peasant_Girl_diffuse
				texture type:  diffuseTexture, mapped using: "map1"
			processing texture Peasant_Girl_specular
				texture type:  specularTexture, mapped using: "map1"
		Custom split normals with tangents being used
		num positions      :  221
		num normals        :  221
		num tangents       :  884
		num uvs            :  442
		num uvs2           :  442
		num colors         :  0
		num triangles      :  232
		Skeleton stats:  
			Total Influencers:  282
			Avg # of influencers per vertex:  1.276
			Highest # of influencers observed:  2, num vertices with this:  61
			exported as 2 influencers
			num skeletonWeights and skeletonIndices:  884
	processing begun of mesh:  Bottoms
		processing begun of material:  bottoms
			processing texture Peasant_Girl_normal
				texture type:  bumpTexture, mapped using: "map1"
			processing texture Peasant_Girl_diffuse
				texture type:  diffuseTexture, mapped using: "map1"
			processing texture Peasant_Girl_specular
				texture type:  specularTexture, mapped using: "map1"
		Custom split normals with tangents being used
		num positions      :  118
		num normals        :  118
		num tangents       :  472
		num uvs            :  236
		num uvs2           :  236
		num colors         :  0
		num triangles      :  150
		Skeleton stats:  
			Total Influencers:  214
			Avg # of influencers per vertex:  1.8136
			Highest # of influencers observed:  2, num vertices with this:  96
			exported as 2 influencers
			num skeletonWeights and skeletonIndices:  472
	processing begun of mesh:  Belt
		processing begun of material:  belt
			processing texture Peasant_Girl_normal
				texture type:  bumpTexture, mapped using: "map1"
			processing texture Peasant_Girl_diffuse
				texture type:  diffuseTexture, mapped using: "map1"
			processing texture Peasant_Girl_specular
				texture type:  specularTexture, mapped using: "map1"
		Custom split normals with tangents being used
		num positions      :  235
		num normals        :  235
		num tangents       :  940
		num uvs            :  470
		num uvs2           :  470
		num colors         :  0
		num triangles      :  278
		Skeleton stats:  
			Total Influencers:  336
			Avg # of influencers per vertex:  1.4298
			Highest # of influencers observed:  3, num vertices with this:  8
			exported as 3 influencers
			num skeletonWeights and skeletonIndices:  940
	processing begun of mesh:  Tops
		processing begun of material:  tops
			processing texture Peasant_Girl_normal
				texture type:  bumpTexture, mapped using: "map1"
			processing texture Peasant_Girl_diffuse
				texture type:  diffuseTexture, mapped using: "map1"
			processing texture Peasant_Girl_specular
				texture type:  specularTexture, mapped using: "map1"
		Custom split normals with tangents being used
		num positions      :  192
		num normals        :  192
		num tangents       :  768
		num uvs            :  384
		num uvs2           :  384
		num colors         :  0
		num triangles      :  256
		Skeleton stats:  
			Total Influencers:  451
			Avg # of influencers per vertex:  2.349
			Highest # of influencers observed:  3, num vertices with this:  67
			exported as 3 influencers
			num skeletonWeights and skeletonIndices:  768
	processing begun of mesh:  Jewelry
		processing begun of material:  jewelry
			processing texture Peasant_Girl_normal
				texture type:  bumpTexture, mapped using: "map1"
			processing texture Peasant_Girl_diffuse
				texture type:  diffuseTexture, mapped using: "map1"
			processing texture Peasant_Girl_specular
				texture type:  specularTexture, mapped using: "map1"
		Custom split normals with tangents being used
		num positions      :  910
		num normals        :  910
		num tangents       :  3640
		num uvs            :  1820
		num uvs2           :  1820
		num colors         :  0
		num triangles      :  933
		Skeleton stats:  
			Total Influencers:  1307
			Avg # of influencers per vertex:  1.4363
			Highest # of influencers observed:  3, num vertices with this:  74
			exported as 3 influencers
			num skeletonWeights and skeletonIndices:  3640
	processing begun of mesh:  Head Band
		processing begun of material:  headband
			processing texture Peasant_Girl_normal
				texture type:  bumpTexture, mapped using: "map1"
			processing texture Peasant_Girl_diffuse
				texture type:  diffuseTexture, mapped using: "map1"
			processing texture Peasant_Girl_specular
				texture type:  specularTexture, mapped using: "map1"
		Custom split normals with tangents being used
		num positions      :  167
		num normals        :  167
		num tangents       :  668
		num uvs            :  334
		num uvs2           :  334
		num colors         :  0
		num triangles      :  172
		Skeleton stats:  
			Total Influencers:  167
			Avg # of influencers per vertex:  1
			Highest # of influencers observed:  1, num vertices with this:  167
			exported as 1 influencers
			num skeletonWeights and skeletonIndices:  668
	processing begun of mesh:  Hair
		processing begun of material:  hair
			processing texture Peasant_Girl_normal
				texture type:  bumpTexture, mapped using: "map1"
			processing texture Peasant_Girl_diffuse
				texture type:  diffuseTexture, mapped using: "map1"
			processing texture Peasant_Girl_specular
				texture type:  specularTexture, mapped using: "map1"
		Custom split normals with tangents being used
		num positions      :  519
		num normals        :  519
		num tangents       :  2076
		num uvs            :  1038
		num uvs2           :  1038
		num colors         :  0
		num triangles      :  759
		Skeleton stats:  
			Total Influencers:  531
			Avg # of influencers per vertex:  1.0231
			Highest # of influencers observed:  3, num vertices with this:  6
			exported as 3 influencers
			num skeletonWeights and skeletonIndices:  2076
	processing begun of mesh:  Eyes
		processing begun of material:  eyes
			processing texture Peasant_Girl_normal
				texture type:  bumpTexture, mapped using: "map1"
			processing texture Peasant_Girl_diffuse
				texture type:  diffuseTexture, mapped using: "map1"
			processing texture Peasant_Girl_specular
				texture type:  specularTexture, mapped using: "map1"
		Custom split normals with tangents being used
		num positions      :  40
		num normals        :  40
		num tangents       :  160
		num uvs            :  80
		num uvs2           :  80
		num colors         :  0
		num triangles      :  40
		Skeleton stats:  
			Total Influencers:  40
			Avg # of influencers per vertex:  1
			Highest # of influencers observed:  1, num vertices with this:  40
			exported as 1 influencers
			num skeletonWeights and skeletonIndices:  160
	processing begun of mesh:  Eye Background
		processing begun of material:  eyebackground
			processing texture Peasant_Girl_normal
				texture type:  bumpTexture, mapped using: "map1"
			processing texture Peasant_Girl_diffuse
				texture type:  diffuseTexture, mapped using: "map1"
			processing texture Peasant_Girl_specular
				texture type:  specularTexture, mapped using: "map1"
		Custom split normals with tangents being used
		num positions      :  102
		num normals        :  102
		num tangents       :  408
		num uvs            :  204
		num uvs2           :  204
		num colors         :  0
		num triangles      :  140
		Skeleton stats:  
			Total Influencers:  102
			Avg # of influencers per vertex:  1
			Highest # of influencers observed:  1, num vertices with this:  102
			exported as 1 influencers
			num skeletonWeights and skeletonIndices:  408
	processing begun of mesh:  Eye Brows
		processing begun of material:  eyebrows
			processing texture Peasant_Girl_normal
				texture type:  bumpTexture, mapped using: "map1"
			processing texture Peasant_Girl_diffuse
				texture type:  diffuseTexture, mapped using: "map1"
			processing texture Peasant_Girl_specular
				texture type:  specularTexture, mapped using: "map1"
		Custom split normals with tangents being used
		num positions      :  56
		num normals        :  56
		num tangents       :  224
		num uvs            :  112
		num uvs2           :  112
		num colors         :  0
		num triangles      :  60
		Skeleton stats:  
			Total Influencers:  56
			Avg # of influencers per vertex:  1
			Highest # of influencers observed:  1, num vertices with this:  56
			exported as 1 influencers
			num skeletonWeights and skeletonIndices:  224
	processing begun of light (POINT):  Light
========= Writing of JSON file started =========
	writing mesh:  Body
	writing mesh:  Skirt
	writing mesh:  Shoes
	writing mesh:  Bottoms
	writing mesh:  Belt
	writing mesh:  Tops
	writing mesh:  Jewelry
	writing mesh:  Head Band
	writing mesh:  Hair
	writing mesh:  Eyes
	writing mesh:  Eye Background
	writing mesh:  Eye Brows
========= Writing of JSON file completed =========
========= end of processing =========
elapsed time:  0 min, 6.8789 secs
