Exporter version: 2.80.1, Blender version: 2.90.0
========= Conversion from Blender to Babylon.js =========
	Scene settings used :
		Inline textures     :  false
		Material Type       :  PBR
		Positions Precision :  4
		Normals Precision   :  3
		UVs Precision       :  3
		Vert Color Precision:  3
		Mat Weight Precision:  2
		Keep Z-up r-handed  :  no
		Texture directory   :  D:\Data\HTTP3DInc\Blender\building\cartvendor\
	Python World class constructor completed
	processing begun of mesh:  cart
		processing begun of material:  Material
		processing begun of material:  wood
		processing begun of material:  tires
		processing begun of material:  yelow cloth
		processing begun of material:  red cloth
			processing texture yellowwood_color
				texture type:  diffuseTexture, mapped using: "UVMap"
			processing texture yellowwood_metalness
				texture type:  metallicTexture, mapped using: "UVMap"
			processing texture yellowwood_roughness
				texture type:  value not meaningful 2, mapped using: "UVMap"
			processing texture yellowwood_normal
				texture type:  bumpTexture, mapped using: "UVMap"
			processing texture blackleather_color
				texture type:  diffuseTexture, mapped using: "UVMap"
			processing texture blackleather_roughness
				texture type:  value not meaningful 2, mapped using: "UVMap"
			processing texture blackleather_normal
				texture type:  bumpTexture, mapped using: "UVMap"
			processing texture yellowfabric_color
				texture type:  diffuseTexture, mapped using: "UVMap"
			processing texture yellowfabric_roughness
				texture type:  value not meaningful 2, mapped using: "UVMap"
			processing texture yellowfabric_normal
				texture type:  bumpTexture, mapped using: "UVMap"
			processing texture redfabric_color
				texture type:  diffuseTexture, mapped using: "UVMap"
			processing texture redfabric_roughness
				texture type:  value not meaningful 2, mapped using: "UVMap"
			processing texture redfabric_normal
				texture type:  bumpTexture, mapped using: "UVMap"
		processing begun of multimaterial:  cartvendor.Multimaterial#0
		num positions      :  2279
		num normals        :  2279
		num tangents       :  0
		num uvs            :  4558
		num uvs2           :  0
		num colors         :  0
		num triangles      :  864
		WARNING: # of 0 area faces found:  2
	processing begun of camera (UniversalCamera):  Camera
	processing begun of mesh:  wheels
		processing begun of material:  Material
		processing begun of material:  wood
		processing begun of material:  tires
		processing begun of material:  worn metal
		registered as also a user of material:  Material
		registered as also a user of material:  wood
		registered as also a user of material:  tires
			processing texture wornmetal_color
				texture type:  diffuseTexture, mapped using: "UVMap"
			processing texture wornmetal_metalness
				texture type:  metallicTexture, mapped using: "UVMap"
			processing texture wornmetal_roughness
				texture type:  value not meaningful 2, mapped using: "UVMap"
			processing texture wornmetal_normal
				texture type:  bumpTexture, mapped using: "UVMap"
		processing begun of multimaterial:  cartvendor.Multimaterial#1
		num positions      :  5895
		num normals        :  5895
		num tangents       :  0
		num uvs            :  11790
		num uvs2           :  0
		num colors         :  0
		num triangles      :  2328
	processing begun of light (POINT):  Light
========= Writing of JSON file started =========
	writing mesh:  cart
	writing mesh:  wheels
========= Writing of JSON file completed =========
========= end of processing =========
elapsed time:  0 min, 0.7834 secs
