Exporter version: 6.3.1, Blender version: 2.82 (sub 7)
========= Conversion from Blender to Babylon.js =========
	Scene settings used :
		Inline textures     :  false
		Material Type       :  PBR
		Positions Precision :  4
		Normals Precision   :  3
		UVs Precision       :  3
		Vert Color Precision:  3
		Mat Weight Precision:  2
		Keep Z-up r-handed  :  no
		Texture directory   :  D:\Data\HTTP3DInc\Blender\tabledisplaysmall\
	Python World class constructor completed
	processing begun of camera (UniversalCamera):  Camera
	processing begun of mesh:  tables
		processing begun of material:  tabletop
			processing texture yellowwood_color
				WARNING: Exception during copy:
					'd:\\Data\\HTTP3DInc\\Blender\\tabledisplaysmall\\yellowwood_color.jpg' and 'D:\\Data\\HTTP3DInc\\Blender\\tabledisplaysmall\\yellowwood_color.jpg' are the same file
				texture type:  diffuseTexture, mapped using: "UVMap"
			processing texture yellowwood_metalness
				WARNING: Exception during copy:
					'd:\\Data\\HTTP3DInc\\Blender\\tabledisplaysmall\\yellowwood_metalness.jpg' and 'D:\\Data\\HTTP3DInc\\Blender\\tabledisplaysmall\\yellowwood_metalness.jpg' are the same file
				texture type:  metallicTexture, mapped using: "UVMap"
			processing texture yellowwood_roughness
				WARNING: Exception during copy:
					'd:\\Data\\HTTP3DInc\\Blender\\tabledisplaysmall\\yellowwood_roughness.jpg' and 'D:\\Data\\HTTP3DInc\\Blender\\tabledisplaysmall\\yellowwood_roughness.jpg' are the same file
				texture type:  value not meaningful 2, mapped using: "UVMap"
			processing texture yellowwood_normal
				WARNING: Exception during copy:
					'd:\\Data\\HTTP3DInc\\Blender\\tabledisplaysmall\\yellowwood_normal.jpg' and 'D:\\Data\\HTTP3DInc\\Blender\\tabledisplaysmall\\yellowwood_normal.jpg' are the same file
				texture type:  bumpTexture, mapped using: "UVMap"
		num positions      :  868
		num normals        :  868
		num tangents       :  0
		num uvs            :  1736
		num uvs2           :  0
		num colors         :  0
		num indices        :  1302
	processing begun of mesh:  legs
		processing begun of material:  tablelegs
			processing texture yellowwood_color
				WARNING: Exception during copy:
					'd:\\Data\\HTTP3DInc\\Blender\\tabledisplaysmall\\yellowwood_color.jpg' and 'D:\\Data\\HTTP3DInc\\Blender\\tabledisplaysmall\\yellowwood_color.jpg' are the same file
				texture type:  diffuseTexture, mapped using: "UVMap"
			processing texture yellowwood_metalness
				WARNING: Exception during copy:
					'd:\\Data\\HTTP3DInc\\Blender\\tabledisplaysmall\\yellowwood_metalness.jpg' and 'D:\\Data\\HTTP3DInc\\Blender\\tabledisplaysmall\\yellowwood_metalness.jpg' are the same file
				texture type:  metallicTexture, mapped using: "UVMap"
			processing texture yellowwood_roughness
				WARNING: Exception during copy:
					'd:\\Data\\HTTP3DInc\\Blender\\tabledisplaysmall\\yellowwood_roughness.jpg' and 'D:\\Data\\HTTP3DInc\\Blender\\tabledisplaysmall\\yellowwood_roughness.jpg' are the same file
				texture type:  value not meaningful 2, mapped using: "UVMap"
			processing texture yellowwood_normal
				WARNING: Exception during copy:
					'd:\\Data\\HTTP3DInc\\Blender\\tabledisplaysmall\\yellowwood_normal.jpg' and 'D:\\Data\\HTTP3DInc\\Blender\\tabledisplaysmall\\yellowwood_normal.jpg' are the same file
				texture type:  bumpTexture, mapped using: "UVMap"
		num positions      :  515
		num normals        :  515
		num tangents       :  0
		num uvs            :  1030
		num uvs2           :  0
		num colors         :  0
		num indices        :  2472
	processing begun of mesh:  edges
		processing begun of material:  edgebumper
		num positions      :  240
		num normals        :  240
		num tangents       :  0
		num uvs            :  480
		num uvs2           :  0
		num colors         :  0
		num indices        :  960
	processing begun of light (DIRECTIONAL):  Light
========= Writing of JSON file started =========
	writing mesh:  tables
	writing mesh:  legs
	writing mesh:  edges
========= Writing of JSON file completed =========
========= end of processing =========
elapsed time:  0 min, 0.3509 secs
