Exporter version: 6.3.0, Blender version: 2.80 (sub 75)
========= Conversion from Blender to Babylon.js =========
	Scene settings used :
		Inline textures     :  false
		Material Type       :  PBR
		Positions Precision :  4
		Normals Precision   :  3
		UVs Precision       :  3
		Vert Color Precision:  3
		Mat Weight Precision:  2
		Keep Z-up r-handed  :  no
		Texture directory   :  C:\Users\adishno\Desktop\roomz\roomzbeach\guygaming\
	Python World class constructor completed
	processing begun of skeleton:  Armature, id:  0
		processing begun of bone:  mixamorig9:Hips, index:  0
		processing begun of bone:  mixamorig9:Spine, index:  1
		processing begun of bone:  mixamorig9:Spine1, index:  2
		processing begun of bone:  mixamorig9:Spine2, index:  3
		processing begun of bone:  mixamorig9:Neck, index:  4
		processing begun of bone:  mixamorig9:Head, index:  5
		processing begun of bone:  mixamorig9:HeadTop_End, index:  6
		processing begun of bone:  mixamorig9:LeftShoulder, index:  7
		processing begun of bone:  mixamorig9:LeftArm, index:  8
		processing begun of bone:  mixamorig9:LeftForeArm, index:  9
		processing begun of bone:  mixamorig9:LeftHand, index:  10
		processing begun of bone:  mixamorig9:LeftHandThumb1, index:  11
		processing begun of bone:  mixamorig9:LeftHandThumb2, index:  12
		processing begun of bone:  mixamorig9:LeftHandThumb3, index:  13
		processing begun of bone:  mixamorig9:LeftHandThumb4, index:  14
		processing begun of bone:  mixamorig9:LeftHandIndex1, index:  15
		processing begun of bone:  mixamorig9:LeftHandIndex2, index:  16
		processing begun of bone:  mixamorig9:LeftHandIndex3, index:  17
		processing begun of bone:  mixamorig9:LeftHandIndex4, index:  18
		processing begun of bone:  mixamorig9:LeftHandMiddle1, index:  19
		processing begun of bone:  mixamorig9:LeftHandMiddle2, index:  20
		processing begun of bone:  mixamorig9:LeftHandMiddle3, index:  21
		processing begun of bone:  mixamorig9:LeftHandMiddle4, index:  22
		processing begun of bone:  mixamorig9:LeftHandRing1, index:  23
		processing begun of bone:  mixamorig9:LeftHandRing2, index:  24
		processing begun of bone:  mixamorig9:LeftHandRing3, index:  25
		processing begun of bone:  mixamorig9:LeftHandRing4, index:  26
		processing begun of bone:  mixamorig9:LeftHandPinky1, index:  27
		processing begun of bone:  mixamorig9:LeftHandPinky2, index:  28
		processing begun of bone:  mixamorig9:LeftHandPinky3, index:  29
		processing begun of bone:  mixamorig9:LeftHandPinky4, index:  30
		processing begun of bone:  mixamorig9:RightShoulder, index:  31
		processing begun of bone:  mixamorig9:RightArm, index:  32
		processing begun of bone:  mixamorig9:RightForeArm, index:  33
		processing begun of bone:  mixamorig9:RightHand, index:  34
		processing begun of bone:  mixamorig9:RightHandThumb1, index:  35
		processing begun of bone:  mixamorig9:RightHandThumb2, index:  36
		processing begun of bone:  mixamorig9:RightHandThumb3, index:  37
		processing begun of bone:  mixamorig9:RightHandThumb4, index:  38
		processing begun of bone:  mixamorig9:RightHandIndex1, index:  39
		processing begun of bone:  mixamorig9:RightHandIndex2, index:  40
		processing begun of bone:  mixamorig9:RightHandIndex3, index:  41
		processing begun of bone:  mixamorig9:RightHandIndex4, index:  42
		processing begun of bone:  mixamorig9:RightHandMiddle1, index:  43
		processing begun of bone:  mixamorig9:RightHandMiddle2, index:  44
		processing begun of bone:  mixamorig9:RightHandMiddle3, index:  45
		processing begun of bone:  mixamorig9:RightHandMiddle4, index:  46
		processing begun of bone:  mixamorig9:RightHandRing1, index:  47
		processing begun of bone:  mixamorig9:RightHandRing2, index:  48
		processing begun of bone:  mixamorig9:RightHandRing3, index:  49
		processing begun of bone:  mixamorig9:RightHandRing4, index:  50
		processing begun of bone:  mixamorig9:RightHandPinky1, index:  51
		processing begun of bone:  mixamorig9:RightHandPinky2, index:  52
		processing begun of bone:  mixamorig9:RightHandPinky3, index:  53
		processing begun of bone:  mixamorig9:RightHandPinky4, index:  54
		processing begun of bone:  mixamorig9:LeftUpLeg, index:  55
		processing begun of bone:  mixamorig9:LeftLeg, index:  56
		processing begun of bone:  mixamorig9:LeftFoot, index:  57
		processing begun of bone:  mixamorig9:LeftToeBase, index:  58
		processing begun of bone:  mixamorig9:LeftToe_End, index:  59
		processing begun of bone:  mixamorig9:RightUpLeg, index:  60
		processing begun of bone:  mixamorig9:RightLeg, index:  61
		processing begun of bone:  mixamorig9:RightFoot, index:  62
		processing begun of bone:  mixamorig9:RightToeBase, index:  63
		processing begun of bone:  mixamorig9:RightToe_End, index:  64
		processing action Armature|mixamo.com|Layer0:  in[1 - 254], out[0 - 254]
	processing begun of camera (UniversalCamera):  Camera
	processing begun of mesh:  Ch06
		processing begun of material:  Ch06_body
		processing begun of material:  Ch06_eyelashes
		processing begun of material:  Ch06_body1
			processing texture Ch06_1001_Normal
				WARNING: Exception during copy:
					'C:\\Users\\adishno\\Desktop\\roomz\\roomzbeach\\guygaming\\Ch06_1001_Normal.jpg' and 'C:\\Users\\adishno\\Desktop\\roomz\\roomzbeach\\guygaming\\Ch06_1001_Normal.jpg' are the same file
				texture type:  bumpTexture, mapped using: "map1"
			processing texture Ch06_1001_Diffuse
				WARNING: Exception during copy:
					'C:\\Users\\adishno\\Desktop\\roomz\\roomzbeach\\guygaming\\Ch06_1001_Diffuse.jpg' and 'C:\\Users\\adishno\\Desktop\\roomz\\roomzbeach\\guygaming\\Ch06_1001_Diffuse.jpg' are the same file
				texture type:  diffuseTexture, mapped using: "map1"
			processing texture Ch06_1001_Specular
				WARNING: Exception during copy:
					'C:\\Users\\adishno\\Desktop\\roomz\\roomzbeach\\guygaming\\Ch06_1001_Specular.jpg' and 'C:\\Users\\adishno\\Desktop\\roomz\\roomzbeach\\guygaming\\Ch06_1001_Specular.jpg' are the same file
				texture type:  specularTexture, mapped using: "map1"
			processing texture Ch06_1001_Glossiness
				WARNING: Exception during copy:
					'C:\\Users\\adishno\\Desktop\\roomz\\roomzbeach\\guygaming\\Ch06_1001_Glossiness.jpg' and 'C:\\Users\\adishno\\Desktop\\roomz\\roomzbeach\\guygaming\\Ch06_1001_Glossiness.jpg' are the same file
				texture type:  value not meaningful 2, mapped using: "map1"
			processing texture Ch06_1001_Normal
				WARNING: Exception during copy:
					'C:\\Users\\adishno\\Desktop\\roomz\\roomzbeach\\guygaming\\Ch06_1001_Normal.jpg' and 'C:\\Users\\adishno\\Desktop\\roomz\\roomzbeach\\guygaming\\Ch06_1001_Normal.jpg' are the same file
				texture type:  bumpTexture, mapped using: "map1"
			processing texture Ch06_1001_Diffuse
				WARNING: Exception during copy:
					'C:\\Users\\adishno\\Desktop\\roomz\\roomzbeach\\guygaming\\Ch06_1001_Diffuse.jpg' and 'C:\\Users\\adishno\\Desktop\\roomz\\roomzbeach\\guygaming\\Ch06_1001_Diffuse.jpg' are the same file
				texture type:  diffuseTexture, mapped using: "map1"
			processing texture Ch06_1002_Normal
				WARNING: Exception during copy:
					'C:\\Users\\adishno\\Desktop\\roomz\\roomzbeach\\guygaming\\Ch06_1002_Normal.jpg' and 'C:\\Users\\adishno\\Desktop\\roomz\\roomzbeach\\guygaming\\Ch06_1002_Normal.jpg' are the same file
				texture type:  bumpTexture, mapped using: "map1"
			processing texture Ch06_1002_Diffuse
				WARNING: Exception during copy:
					'C:\\Users\\adishno\\Desktop\\roomz\\roomzbeach\\guygaming\\Ch06_1002_Diffuse.jpg' and 'C:\\Users\\adishno\\Desktop\\roomz\\roomzbeach\\guygaming\\Ch06_1002_Diffuse.jpg' are the same file
				texture type:  diffuseTexture, mapped using: "map1"
			processing texture Ch06_1002_Specular
				WARNING: Exception during copy:
					'C:\\Users\\adishno\\Desktop\\roomz\\roomzbeach\\guygaming\\Ch06_1002_Specular.jpg' and 'C:\\Users\\adishno\\Desktop\\roomz\\roomzbeach\\guygaming\\Ch06_1002_Specular.jpg' are the same file
				texture type:  specularTexture, mapped using: "map1"
			processing texture Ch06_1002_Glossiness
				WARNING: Exception during copy:
					'C:\\Users\\adishno\\Desktop\\roomz\\roomzbeach\\guygaming\\Ch06_1002_Glossiness.jpg' and 'C:\\Users\\adishno\\Desktop\\roomz\\roomzbeach\\guygaming\\Ch06_1002_Glossiness.jpg' are the same file
				texture type:  value not meaningful 2, mapped using: "map1"
		processing begun of multimaterial:  guygaming.Multimaterial#0
		Custom split normals with tangents being used
		num positions      :  34962
		num normals        :  34962
		num tangents       :  139848
		num uvs            :  69924
		num uvs2           :  0
		num colors         :  0
		num indices        :  161634
		Skeleton stats:  
			Total Influencers:  75310
			Avg # of influencers per vertex:  2.1541
			Highest # of influencers observed:  7, num vertices with this:  22
			exported as 7 influencers
			num skeletonWeights and skeletonIndices:  279696
		WARNING: # of 0 area faces found:  8
	processing begun of light (DIRECTIONAL):  Light
========= Writing of JSON file started =========
	writing mesh:  Ch06
========= Writing of JSON file completed =========
========= end of processing =========
elapsed time:  0 min, 57.2706 secs
