Exporter version: 6.3.1, Blender version: 2.82 (sub 7)
========= Conversion from Blender to Babylon.js =========
	Scene settings used :
		Inline textures     :  false
		Material Type       :  PBR
		Positions Precision :  4
		Normals Precision   :  3
		UVs Precision       :  3
		Vert Color Precision:  3
		Mat Weight Precision:  2
		Keep Z-up r-handed  :  no
		Texture directory   :  D:\Data\HTTP3DInc\Blender\building\dualstore\inside\
	Python World class constructor completed
	processing begun of camera (UniversalCamera):  Camera
	processing begun of mesh:  inside bottom right
		processing begun of material:  black metal
		processing begun of material:  window
		processing begun of material:  green tiles
		processing begun of material:  ceiling tiles
		processing begun of material:  white paint
			processing texture blackmetal_color
				texture type:  diffuseTexture, mapped using: "UVMap"
			processing texture blackmetal_metalness
				texture type:  metallicTexture, mapped using: "UVMap"
			processing texture blackmetal_roughness
				texture type:  value not meaningful 2, mapped using: "UVMap"
			processing texture blackmetal_normal
				texture type:  bumpTexture, mapped using: "UVMap"
			processing texture greentiles_color
				WARNING: Exception during copy:
					'd:\\Data\\HTTP3DInc\\Blender\\building\\dualstore\\inside\\greentiles_color.jpg' and 'D:\\Data\\HTTP3DInc\\Blender\\building\\dualstore\\inside\\greentiles_color.jpg' are the same file
				texture type:  diffuseTexture, mapped using: "UVMap"
			processing texture greentiles_roughness
				WARNING: Exception during copy:
					'd:\\Data\\HTTP3DInc\\Blender\\building\\dualstore\\inside\\greentiles_roughness.jpg' and 'D:\\Data\\HTTP3DInc\\Blender\\building\\dualstore\\inside\\greentiles_roughness.jpg' are the same file
				texture type:  value not meaningful 2, mapped using: "UVMap"
			processing texture greentiles_normal
				WARNING: Exception during copy:
					'd:\\Data\\HTTP3DInc\\Blender\\building\\dualstore\\inside\\greentiles_normal.jpg' and 'D:\\Data\\HTTP3DInc\\Blender\\building\\dualstore\\inside\\greentiles_normal.jpg' are the same file
				texture type:  bumpTexture, mapped using: "UVMap"
			processing texture ceilingtiles_color
				WARNING: Exception during copy:
					'd:\\Data\\HTTP3DInc\\Blender\\building\\dualstore\\inside\\ceilingtiles_color.jpg' and 'D:\\Data\\HTTP3DInc\\Blender\\building\\dualstore\\inside\\ceilingtiles_color.jpg' are the same file
				texture type:  diffuseTexture, mapped using: "UVMap"
			processing texture ceilingtiles_roughness
				WARNING: Exception during copy:
					'd:\\Data\\HTTP3DInc\\Blender\\building\\dualstore\\inside\\ceilingtiles_roughness.jpg' and 'D:\\Data\\HTTP3DInc\\Blender\\building\\dualstore\\inside\\ceilingtiles_roughness.jpg' are the same file
				texture type:  value not meaningful 2, mapped using: "UVMap"
			processing texture ceilingtiles_normal
				WARNING: Exception during copy:
					'd:\\Data\\HTTP3DInc\\Blender\\building\\dualstore\\inside\\ceilingtiles_normal.jpg' and 'D:\\Data\\HTTP3DInc\\Blender\\building\\dualstore\\inside\\ceilingtiles_normal.jpg' are the same file
				texture type:  bumpTexture, mapped using: "UVMap"
			processing texture whitepaint_color
				WARNING: Exception during copy:
					'd:\\Data\\HTTP3DInc\\Blender\\building\\dualstore\\inside\\whitepaint_color.jpg' and 'D:\\Data\\HTTP3DInc\\Blender\\building\\dualstore\\inside\\whitepaint_color.jpg' are the same file
				texture type:  diffuseTexture, mapped using: "UVMap"
			processing texture whitepaint_roughness
				WARNING: Exception during copy:
					'd:\\Data\\HTTP3DInc\\Blender\\building\\dualstore\\inside\\whitepaint_roughness.jpg' and 'D:\\Data\\HTTP3DInc\\Blender\\building\\dualstore\\inside\\whitepaint_roughness.jpg' are the same file
				texture type:  value not meaningful 2, mapped using: "UVMap"
			processing texture whitepaint_normal
				WARNING: Exception during copy:
					'd:\\Data\\HTTP3DInc\\Blender\\building\\dualstore\\inside\\whitepaint_normal.jpg' and 'D:\\Data\\HTTP3DInc\\Blender\\building\\dualstore\\inside\\whitepaint_normal.jpg' are the same file
				texture type:  bumpTexture, mapped using: "UVMap"
		processing begun of multimaterial:  dualstore_right.Multimaterial#0
		num positions      :  84
		num normals        :  84
		num tangents       :  0
		num uvs            :  168
		num uvs2           :  0
		num colors         :  0
		num indices        :  114
	processing begun of light (POINT):  Light
========= Writing of JSON file started =========
	writing mesh:  inside bottom right
========= Writing of JSON file completed =========
========= end of processing =========
elapsed time:  0 min, 0.3165 secs
