Exporter version: 2.80.1, Blender version: 2.90.0
========= Conversion from Blender to Babylon.js =========
	Scene settings used :
		Inline textures     :  false
		Material Type       :  PBR
		Positions Precision :  4
		Normals Precision   :  3
		UVs Precision       :  3
		Vert Color Precision:  3
		Mat Weight Precision:  2
		Keep Z-up r-handed  :  no
		Texture directory   :  D:\Data\HTTP3DInc\Blender\avatars\peasantman\
	Python World class constructor completed
	processing begun of skeleton:  Armature, id:  0
		processing begun of bone:  Hips, index:  0
		processing begun of bone:  Spine, index:  1
		processing begun of bone:  Spine1, index:  2
		processing begun of bone:  Spine2, index:  3
		processing begun of bone:  Neck, index:  4
		processing begun of bone:  Head, index:  5
		processing begun of bone:  HeadTop_End, index:  6
		processing begun of bone:  LeftShoulder, index:  7
		processing begun of bone:  LeftArm, index:  8
		processing begun of bone:  LeftForeArm, index:  9
		processing begun of bone:  LeftHand, index:  10
		processing begun of bone:  LeftHandIndex1, index:  11
		processing begun of bone:  LeftHandIndex2, index:  12
		processing begun of bone:  LeftHandIndex3, index:  13
		processing begun of bone:  LeftHandIndex4, index:  14
		processing begun of bone:  LeftHandThumb1, index:  15
		processing begun of bone:  LeftHandThumb2, index:  16
		processing begun of bone:  LeftHandThumb3, index:  17
		processing begun of bone:  LeftHandThumb4, index:  18
		processing begun of bone:  RightShoulder, index:  19
		processing begun of bone:  RightArm, index:  20
		processing begun of bone:  RightForeArm, index:  21
		processing begun of bone:  RightHand, index:  22
		processing begun of bone:  RightHandThumb1, index:  23
		processing begun of bone:  RightHandThumb2, index:  24
		processing begun of bone:  RightHandThumb3, index:  25
		processing begun of bone:  RightHandThumb4, index:  26
		processing begun of bone:  RightHandIndex1, index:  27
		processing begun of bone:  RightHandIndex2, index:  28
		processing begun of bone:  RightHandIndex3, index:  29
		processing begun of bone:  RightHandIndex4, index:  30
		processing begun of bone:  LeftUpLeg, index:  31
		processing begun of bone:  LeftLeg, index:  32
		processing begun of bone:  LeftFoot, index:  33
		processing begun of bone:  LeftToeBase, index:  34
		processing begun of bone:  LeftToe_End, index:  35
		processing begun of bone:  RightUpLeg, index:  36
		processing begun of bone:  RightLeg, index:  37
		processing begun of bone:  RightFoot, index:  38
		processing begun of bone:  RightToeBase, index:  39
		processing begun of bone:  RightToe_End, index:  40
		processing action Armature|mixamo.com|Layer0:  in[1 - 177], out[0 - 177]
	processing begun of camera (UniversalCamera):  Camera
	processing begun of mesh:  Body
		processing begun of material:  body
			processing texture Peasant_Man_normal
				texture type:  bumpTexture, mapped using: "map1"
			processing texture Peasant_Man_diffuse
				texture type:  diffuseTexture, mapped using: "map1"
			processing texture Peasant_Man_specular
				texture type:  specularTexture, mapped using: "map1"
		Custom split normals with tangents being used
		num positions      :  1147
		num normals        :  1147
		num tangents       :  4588
		num uvs            :  2294
		num uvs2           :  2294
		num colors         :  0
		num triangles      :  1466
		Skeleton stats:  
			Total Influencers:  1705
			Avg # of influencers per vertex:  1.4865
			Highest # of influencers observed:  4, num vertices with this:  31
			exported as 4 influencers
			num skeletonWeights and skeletonIndices:  4588
		WARNING: # of 0 area faces found:  6
	processing begun of mesh:  Shoes
		processing begun of material:  shoes
			processing texture Peasant_Man_normal
				texture type:  bumpTexture, mapped using: "map1"
			processing texture Peasant_Man_diffuse
				texture type:  diffuseTexture, mapped using: "map1"
			processing texture Peasant_Man_specular
				texture type:  specularTexture, mapped using: "map1"
		Custom split normals with tangents being used
		num positions      :  638
		num normals        :  638
		num tangents       :  2552
		num uvs            :  1276
		num uvs2           :  1276
		num colors         :  0
		num triangles      :  670
		Skeleton stats:  
			Total Influencers:  1045
			Avg # of influencers per vertex:  1.6379
			Highest # of influencers observed:  3, num vertices with this:  7
			exported as 3 influencers
			num skeletonWeights and skeletonIndices:  2552
	processing begun of mesh:  Bottoms
		processing begun of material:  bottoms
			processing texture Peasant_Man_normal
				texture type:  bumpTexture, mapped using: "map1"
			processing texture Peasant_Man_diffuse
				texture type:  diffuseTexture, mapped using: "map1"
			processing texture Peasant_Man_specular
				texture type:  specularTexture, mapped using: "map1"
		Custom split normals with tangents being used
		num positions      :  259
		num normals        :  259
		num tangents       :  1036
		num uvs            :  518
		num uvs2           :  518
		num colors         :  0
		num triangles      :  360
		Skeleton stats:  
			Total Influencers:  549
			Avg # of influencers per vertex:  2.1197
			Highest # of influencers observed:  3, num vertices with this:  37
			exported as 3 influencers
			num skeletonWeights and skeletonIndices:  1036
	processing begun of mesh:  Belt
		processing begun of material:  belt
			processing texture Peasant_Man_normal
				texture type:  bumpTexture, mapped using: "map1"
			processing texture Peasant_Man_diffuse
				texture type:  diffuseTexture, mapped using: "map1"
			processing texture Peasant_Man_specular
				texture type:  specularTexture, mapped using: "map1"
		Custom split normals with tangents being used
		num positions      :  246
		num normals        :  246
		num tangents       :  984
		num uvs            :  492
		num uvs2           :  492
		num colors         :  0
		num triangles      :  268
		Skeleton stats:  
			Total Influencers:  502
			Avg # of influencers per vertex:  2.0407
			Highest # of influencers observed:  5, num vertices with this:  1
			exported as 5 influencers
			num skeletonWeights and skeletonIndices:  1968
	processing begun of mesh:  Tops
		processing begun of material:  tops
			processing texture Peasant_Man_normal
				texture type:  bumpTexture, mapped using: "map1"
			processing texture Peasant_Man_diffuse
				texture type:  diffuseTexture, mapped using: "map1"
			processing texture Peasant_Man_specular
				texture type:  specularTexture, mapped using: "map1"
		Custom split normals with tangents being used
		num positions      :  556
		num normals        :  556
		num tangents       :  2224
		num uvs            :  1112
		num uvs2           :  1112
		num colors         :  0
		num triangles      :  758
		Skeleton stats:  
			Total Influencers:  1387
			Avg # of influencers per vertex:  2.4946
			Highest # of influencers observed:  5, num vertices with this:  11
			exported as 5 influencers
			num skeletonWeights and skeletonIndices:  4448
	processing begun of mesh:  Beard
		processing begun of material:  beard
			processing texture Peasant_Man_normal
				texture type:  bumpTexture, mapped using: "map1"
			processing texture Peasant_Man_diffuse
				texture type:  diffuseTexture, mapped using: "map1"
			processing texture Peasant_Man_specular
				texture type:  specularTexture, mapped using: "map1"
		Custom split normals with tangents being used
		num positions      :  362
		num normals        :  362
		num tangents       :  1448
		num uvs            :  724
		num uvs2           :  724
		num colors         :  0
		num triangles      :  534
		Skeleton stats:  
			Total Influencers:  500
			Avg # of influencers per vertex:  1.3812
			Highest # of influencers observed:  3, num vertices with this:  14
			exported as 3 influencers
			num skeletonWeights and skeletonIndices:  1448
	processing begun of mesh:  Armor
		processing begun of material:  armor
			processing texture Peasant_Man_normal
				texture type:  bumpTexture, mapped using: "map1"
			processing texture Peasant_Man_diffuse
				texture type:  diffuseTexture, mapped using: "map1"
			processing texture Peasant_Man_specular
				texture type:  specularTexture, mapped using: "map1"
		Custom split normals with tangents being used
		num positions      :  357
		num normals        :  357
		num tangents       :  1428
		num uvs            :  714
		num uvs2           :  714
		num colors         :  0
		num triangles      :  455
		Skeleton stats:  
			Total Influencers:  735
			Avg # of influencers per vertex:  2.0588
			Highest # of influencers observed:  4, num vertices with this:  11
			exported as 4 influencers
			num skeletonWeights and skeletonIndices:  1428
	processing begun of mesh:  Eyes
		processing begun of material:  eyes
			processing texture Peasant_Man_normal
				texture type:  bumpTexture, mapped using: "map1"
			processing texture Peasant_Man_diffuse
				texture type:  diffuseTexture, mapped using: "map1"
			processing texture Peasant_Man_specular
				texture type:  specularTexture, mapped using: "map1"
		Custom split normals with tangents being used
		num positions      :  26
		num normals        :  26
		num tangents       :  104
		num uvs            :  52
		num uvs2           :  52
		num colors         :  0
		num triangles      :  24
		Skeleton stats:  
			Total Influencers:  26
			Avg # of influencers per vertex:  1
			Highest # of influencers observed:  1, num vertices with this:  26
			exported as 1 influencers
			num skeletonWeights and skeletonIndices:  104
	processing begun of mesh:  Eyes Background
		processing begun of material:  eyesbackground
			processing texture Peasant_Man_normal
				texture type:  bumpTexture, mapped using: "map1"
			processing texture Peasant_Man_diffuse
				texture type:  diffuseTexture, mapped using: "map1"
			processing texture Peasant_Man_specular
				texture type:  specularTexture, mapped using: "map1"
		Custom split normals with tangents being used
		num positions      :  72
		num normals        :  72
		num tangents       :  288
		num uvs            :  144
		num uvs2           :  144
		num colors         :  0
		num triangles      :  96
		Skeleton stats:  
			Total Influencers:  72
			Avg # of influencers per vertex:  1
			Highest # of influencers observed:  1, num vertices with this:  72
			exported as 1 influencers
			num skeletonWeights and skeletonIndices:  288
	processing begun of light (POINT):  Light
========= Writing of JSON file started =========
	writing mesh:  Body
	writing mesh:  Shoes
	writing mesh:  Bottoms
	writing mesh:  Belt
	writing mesh:  Tops
	writing mesh:  Beard
	writing mesh:  Armor
	writing mesh:  Eyes
	writing mesh:  Eyes Background
========= Writing of JSON file completed =========
========= end of processing =========
elapsed time:  0 min, 5.0481 secs
