Exporter version: 6.4.4, Blender version: 2.90.0
========= Conversion from Blender to Babylon.js =========
	Scene settings used :
		Inline textures     :  false
		Material Type       :  PBR
		Positions Precision :  4
		Normals Precision   :  3
		UVs Precision       :  3
		Vert Color Precision:  3
		Mat Weight Precision:  2
		Keep Z-up r-handed  :  no
		Texture directory   :  D:\Data\HTTP3DInc\Blender\mailbox\
	Python World class constructor completed
	processing begun of camera (UniversalCamera):  Camera
	processing begun of mesh:  bolts
		processing begun of material:  metal
			processing texture metal006_color
				texture type:  diffuseTexture, mapped using: "UVMap"
			processing texture metal006_metalness
				texture type:  metallicTexture, mapped using: "UVMap"
			processing texture metal006_roughness
				texture type:  value not meaningful 2, mapped using: "UVMap"
			processing texture metal006_normal
				texture type:  bumpTexture, mapped using: "UVMap"
		num positions      :  702
		num normals        :  702
		num tangents       :  0
		num uvs            :  1404
		num uvs2           :  0
		num colors         :  0
		num triangles      :  288
	processing begun of mesh:  edges
		processing begun of material:  bluemetal
			processing texture bluemetal002_color
				texture type:  diffuseTexture, mapped using: "UVMap"
			processing texture bluemetal002_metalness
				texture type:  metallicTexture, mapped using: "UVMap"
			processing texture bluemetal002_roughness
				texture type:  value not meaningful 2, mapped using: "UVMap"
			processing texture bluemetal002_normal
				texture type:  bumpTexture, mapped using: "UVMap"
		num positions      :  1167
		num normals        :  1167
		num tangents       :  0
		num uvs            :  2334
		num uvs2           :  0
		num colors         :  0
		num triangles      :  1256
		WARNING: # of 0 area faces found:  192
	processing begun of mesh:  mailbox
		processing begun of material:  bluemetal
		processing begun of material:  metal
		processing begun of material:  darkblue
		processing begun of material:  cleanbluemetal
		processing begun of material:  timeslabel
		processing begun of material:  wtwlabel
		registered as also a user of material:  bluemetal
		registered as also a user of material:  metal
			processing texture bluemetaldark002_color
				texture type:  diffuseTexture, mapped using: "UVMap"
			processing texture bluemetal002_metalness
				texture type:  metallicTexture, mapped using: "UVMap"
			processing texture bluemetal002_roughness
				texture type:  value not meaningful 2, mapped using: "UVMap"
			processing texture bluemetal002_normal
				texture type:  bumpTexture, mapped using: "UVMap"
			processing texture bluemetalclean002_color
				texture type:  diffuseTexture, mapped using: "UVMap"
			processing texture bluemetal002_metalness
				texture type:  metallicTexture, mapped using: "UVMap"
			processing texture bluemetal002_roughness
				texture type:  value not meaningful 2, mapped using: "UVMap"
			processing texture bluemetal002_normal
				texture type:  bumpTexture, mapped using: "UVMap"
			processing texture labeltimes_color
				texture type:  diffuseTexture, mapped using: "UVMap"
			processing texture bluemetal002_metalness
				texture type:  metallicTexture, mapped using: "UVMap"
			processing texture bluemetal002_roughness
				texture type:  value not meaningful 2, mapped using: "UVMap"
			processing texture bluemetal002_normal
				texture type:  bumpTexture, mapped using: "UVMap"
			processing texture labelwtw_color
				texture type:  diffuseTexture, mapped using: "UVMap"
			processing texture bluemetal002_metalness
				texture type:  metallicTexture, mapped using: "UVMap"
			processing texture bluemetal002_roughness
				texture type:  value not meaningful 2, mapped using: "UVMap"
			processing texture bluemetal002_normal
				texture type:  bumpTexture, mapped using: "UVMap"
		processing begun of multimaterial:  mailbox.Multimaterial#0
		num positions      :  1031
		num normals        :  1031
		num tangents       :  0
		num uvs            :  2062
		num uvs2           :  0
		num colors         :  0
		num triangles      :  474
		WARNING: # of 0 area faces found:  40
	processing begun of light (DIRECTIONAL):  Light
========= Writing of JSON file started =========
	writing mesh:  bolts
	writing mesh:  edges
	writing mesh:  mailbox
========= Writing of JSON file completed =========
========= end of processing =========
elapsed time:  0 min, 0.2579 secs
