Exporter version: 6.3.1, Blender version: 2.82 (sub 7)
========= Conversion from Blender to Babylon.js =========
	Scene settings used :
		Inline textures     :  false
		Material Type       :  PBR
		Positions Precision :  4
		Normals Precision   :  3
		UVs Precision       :  3
		Vert Color Precision:  3
		Mat Weight Precision:  2
		Keep Z-up r-handed  :  no
		Texture directory   :  D:\Data\HTTP3DInc\Blender\building\dualstore\inside\
	Python World class constructor completed
	processing begun of camera (UniversalCamera):  Camera
	processing begun of mesh:  left door
		processing begun of material:  black metal
		processing begun of material:  window
			processing texture blackmetal_color
				texture type:  diffuseTexture, mapped using: "UVMap"
			processing texture blackmetal_metalness
				texture type:  metallicTexture, mapped using: "UVMap"
			processing texture blackmetal_roughness
				texture type:  value not meaningful 2, mapped using: "UVMap"
			processing texture blackmetal_normal
				texture type:  bumpTexture, mapped using: "UVMap"
		processing begun of multimaterial:  dualstore_leftdoor.Multimaterial#0
		num positions      :  165
		num normals        :  165
		num tangents       :  0
		num uvs            :  330
		num uvs2           :  0
		num colors         :  0
		num indices        :  204
	processing begun of mesh:  left door handle
		processing begun of material:  red wood
		processing begun of material:  black metal
			processing texture redwoodsiding_color
				texture type:  diffuseTexture, mapped using: "UVMap"
			processing texture redwoodsiding_roughness
				texture type:  value not meaningful 2, mapped using: "UVMap"
			processing texture redwoodsiding_normal
				texture type:  bumpTexture, mapped using: "UVMap"
			processing texture blackmetal_color
				texture type:  diffuseTexture, mapped using: "UVMap"
			processing texture blackmetal_metalness
				texture type:  metallicTexture, mapped using: "UVMap"
			processing texture blackmetal_roughness
				texture type:  value not meaningful 2, mapped using: "UVMap"
			processing texture blackmetal_normal
				texture type:  bumpTexture, mapped using: "UVMap"
		processing begun of multimaterial:  dualstore_leftdoor.Multimaterial#1
		num positions      :  531
		num normals        :  531
		num tangents       :  0
		num uvs            :  1062
		num uvs2           :  0
		num colors         :  0
		num indices        :  624
	processing begun of light (POINT):  Light
========= Writing of JSON file started =========
	writing mesh:  left door
	writing mesh:  left door handle
========= Writing of JSON file completed =========
========= end of processing =========
elapsed time:  0 min, 0.2399 secs
