Exporter version: 6.4.4, Blender version: 2.90.0
========= Conversion from Blender to Babylon.js =========
	Scene settings used :
		Inline textures     :  false
		Material Type       :  PBR
		Positions Precision :  4
		Normals Precision   :  3
		UVs Precision       :  3
		Vert Color Precision:  3
		Mat Weight Precision:  2
		Keep Z-up r-handed  :  no
		Texture directory   :  D:\Data\HTTP3DInc\Blender\communities\
	Python World class constructor completed
	processing begun of camera (UniversalCamera):  Camera
	processing begun of mesh:  grass
		processing begun of material:  blades
			processing texture foliage001_color
				texture type:  diffuseTexture, mapped using: "UVMap"
			processing texture foliage001_roughness
				texture type:  value not meaningful 2, mapped using: "UVMap"
			processing texture foliage001_normal
				texture type:  bumpTexture, mapped using: "UVMap"
		num positions      :  97200
		num normals        :  97200
		num tangents       :  0
		num uvs            :  194400
		num uvs2           :  0
		num colors         :  0
		num triangles      :  32400
	processing begun of light (POINT):  Light
========= Writing of JSON file started =========
	writing mesh:  grass
========= Writing of JSON file completed =========
========= end of processing =========
elapsed time:  0 min, 6.3554 secs
