Exporter version: 6.3.1, Blender version: 2.82 (sub 7)
========= Conversion from Blender to Babylon.js =========
	Scene settings used :
		Inline textures     :  false
		Material Type       :  PBR
		Positions Precision :  4
		Normals Precision   :  3
		UVs Precision       :  3
		Vert Color Precision:  3
		Mat Weight Precision:  2
		Keep Z-up r-handed  :  no
		Texture directory   :  D:\Data\HTTP3DInc\Blender\building\westernstore\
	Python World class constructor completed
	processing begun of camera (UniversalCamera):  Camera
	processing begun of mesh:  frontdoor
		processing begun of material:  door
		processing begun of material:  doorwindow
		processing begun of material:  doorpane
			processing texture yellowwood_color
				WARNING: Exception during copy:
					'd:\\Data\\HTTP3DInc\\Blender\\building\\westernstore\\yellowwood_color.jpg' and 'D:\\Data\\HTTP3DInc\\Blender\\building\\westernstore\\yellowwood_color.jpg' are the same file
				texture type:  diffuseTexture, mapped using: "UVMap"
			processing texture yellowwood_metalness
				WARNING: Exception during copy:
					'd:\\Data\\HTTP3DInc\\Blender\\building\\westernstore\\yellowwood_metalness.jpg' and 'D:\\Data\\HTTP3DInc\\Blender\\building\\westernstore\\yellowwood_metalness.jpg' are the same file
				texture type:  metallicTexture, mapped using: "UVMap"
			processing texture yellowwood_roughness
				WARNING: Exception during copy:
					'd:\\Data\\HTTP3DInc\\Blender\\building\\westernstore\\yellowwood_roughness.jpg' and 'D:\\Data\\HTTP3DInc\\Blender\\building\\westernstore\\yellowwood_roughness.jpg' are the same file
				texture type:  value not meaningful 2, mapped using: "UVMap"
			processing texture yellowwood_normal
				WARNING: Exception during copy:
					'd:\\Data\\HTTP3DInc\\Blender\\building\\westernstore\\yellowwood_normal.jpg' and 'D:\\Data\\HTTP3DInc\\Blender\\building\\westernstore\\yellowwood_normal.jpg' are the same file
				texture type:  bumpTexture, mapped using: "UVMap"
			processing texture whitewoodsiding_color
				WARNING: Exception during copy:
					'd:\\Data\\HTTP3DInc\\Blender\\building\\westernstore\\whitewoodsiding_color.jpg' and 'D:\\Data\\HTTP3DInc\\Blender\\building\\westernstore\\whitewoodsiding_color.jpg' are the same file
				texture type:  diffuseTexture, mapped using: "UVMap"
			processing texture bluewoodsiding_metalness
				WARNING: Exception during copy:
					'd:\\Data\\HTTP3DInc\\Blender\\building\\westernstore\\bluewoodsiding_metalness.jpg' and 'D:\\Data\\HTTP3DInc\\Blender\\building\\westernstore\\bluewoodsiding_metalness.jpg' are the same file
				texture type:  metallicTexture, mapped using: "UVMap"
			processing texture bluewoodsiding_roughness
				WARNING: Exception during copy:
					'd:\\Data\\HTTP3DInc\\Blender\\building\\westernstore\\bluewoodsiding_roughness.jpg' and 'D:\\Data\\HTTP3DInc\\Blender\\building\\westernstore\\bluewoodsiding_roughness.jpg' are the same file
				texture type:  value not meaningful 2, mapped using: "UVMap"
			processing texture bluewoodsiding_normal
				WARNING: Exception during copy:
					'd:\\Data\\HTTP3DInc\\Blender\\building\\westernstore\\bluewoodsiding_normal.jpg' and 'D:\\Data\\HTTP3DInc\\Blender\\building\\westernstore\\bluewoodsiding_normal.jpg' are the same file
				texture type:  bumpTexture, mapped using: "UVMap"
		processing begun of multimaterial:  westernfrontdoor.Multimaterial#0
		num positions      :  351
		num normals        :  351
		num tangents       :  0
		num uvs            :  702
		num uvs2           :  0
		num colors         :  0
		num indices        :  420
	processing begun of mesh:  frontdoorhandle
		processing begun of material:  HandleRod
		processing begun of material:  Handle
		processing begun of multimaterial:  westernfrontdoor.Multimaterial#1
		num positions      :  268
		num normals        :  268
		num tangents       :  0
		num uvs            :  536
		num uvs2           :  0
		num colors         :  0
		num indices        :  852
	processing begun of light (DIRECTIONAL):  Light
========= Writing of JSON file started =========
	writing mesh:  frontdoor
	writing mesh:  frontdoorhandle
========= Writing of JSON file completed =========
========= end of processing =========
elapsed time:  0 min, 0.2342 secs
