Exporter version: 6.4.4, Blender version: 2.90.0
========= Conversion from Blender to Babylon.js =========
	Scene settings used :
		Inline textures     :  false
		Material Type       :  PBR
		Positions Precision :  4
		Normals Precision   :  3
		UVs Precision       :  3
		Vert Color Precision:  3
		Mat Weight Precision:  2
		Keep Z-up r-handed  :  no
		Texture directory   :  D:\Data\HTTP3DInc\Blender\firehydrant\
	Python World class constructor completed
	processing begun of camera (UniversalCamera):  Camera
	processing begun of mesh:  firehydrant
		processing begun of material:  redmetal
		processing begun of material:  metal
			processing texture redmetal004_color
				texture type:  diffuseTexture, mapped using: "UVMap"
			processing texture redmetal004_metalness
				texture type:  metallicTexture, mapped using: "UVMap"
			processing texture redmetal004_roughness
				texture type:  value not meaningful 2, mapped using: "UVMap"
			processing texture redmetal004_normal
				texture type:  bumpTexture, mapped using: "UVMap"
			processing texture metal006_color
				texture type:  diffuseTexture, mapped using: "UVMap"
			processing texture metal006_metalness
				texture type:  metallicTexture, mapped using: "UVMap"
			processing texture metal006_roughness
				texture type:  value not meaningful 2, mapped using: "UVMap"
			processing texture metal006_normal
				texture type:  bumpTexture, mapped using: "UVMap"
		processing begun of multimaterial:  firehydrant.Multimaterial#0
		num positions      :  6609
		num normals        :  6609
		num tangents       :  0
		num uvs            :  13218
		num uvs2           :  0
		num colors         :  0
		num triangles      :  6054
		WARNING: # of 0 area faces found:  64
	processing begun of mesh:  knobs
		processing begun of material:  metal
		processing begun of material:  redmetal
		registered as also a user of material:  metal
		registered as also a user of material:  redmetal
		processing begun of multimaterial:  firehydrant.Multimaterial#1
		num positions      :  1509
		num normals        :  1509
		num tangents       :  0
		num uvs            :  3018
		num uvs2           :  0
		num colors         :  0
		num triangles      :  628
	processing begun of light (DIRECTIONAL):  Light
========= Writing of JSON file started =========
	writing mesh:  firehydrant
	writing mesh:  knobs
========= Writing of JSON file completed =========
========= end of processing =========
elapsed time:  0 min, 1.3205 secs
