Exporter version: 6.3.1, Blender version: 2.82 (sub 7)
========= Conversion from Blender to Babylon.js =========
	Scene settings used :
		Inline textures     :  false
		Material Type       :  PBR
		Positions Precision :  4
		Normals Precision   :  3
		UVs Precision       :  3
		Vert Color Precision:  3
		Mat Weight Precision:  2
		Keep Z-up r-handed  :  no
		Texture directory   :  D:\Data\HTTP3DInc\Blender\tabledisplay\
	Python World class constructor completed
	processing begun of camera (UniversalCamera):  Camera
	processing begun of mesh:  tables
		processing begun of material:  tabletop
			processing texture yellowwood_color
				WARNING: Exception during copy:
					'd:\\Data\\HTTP3DInc\\Blender\\tabledisplay\\yellowwood_color.jpg' and 'D:\\Data\\HTTP3DInc\\Blender\\tabledisplay\\yellowwood_color.jpg' are the same file
				texture type:  diffuseTexture, mapped using: "UVMap"
			processing texture yellowwood_metalness
				WARNING: Exception during copy:
					'd:\\Data\\HTTP3DInc\\Blender\\tabledisplay\\yellowwood_metalness.jpg' and 'D:\\Data\\HTTP3DInc\\Blender\\tabledisplay\\yellowwood_metalness.jpg' are the same file
				texture type:  metallicTexture, mapped using: "UVMap"
			processing texture yellowwood_roughness
				WARNING: Exception during copy:
					'd:\\Data\\HTTP3DInc\\Blender\\tabledisplay\\yellowwood_roughness.jpg' and 'D:\\Data\\HTTP3DInc\\Blender\\tabledisplay\\yellowwood_roughness.jpg' are the same file
				texture type:  value not meaningful 2, mapped using: "UVMap"
			processing texture yellowwood_normal
				WARNING: Exception during copy:
					'd:\\Data\\HTTP3DInc\\Blender\\tabledisplay\\yellowwood_normal.jpg' and 'D:\\Data\\HTTP3DInc\\Blender\\tabledisplay\\yellowwood_normal.jpg' are the same file
				texture type:  bumpTexture, mapped using: "UVMap"
		num positions      :  292
		num normals        :  292
		num tangents       :  0
		num uvs            :  584
		num uvs2           :  0
		num colors         :  0
		num indices        :  852
	processing begun of mesh:  edges
		processing begun of material:  edgebumper
		num positions      :  438
		num normals        :  438
		num tangents       :  0
		num uvs            :  876
		num uvs2           :  0
		num colors         :  0
		num indices        :  1752
	processing begun of mesh:  legs
		processing begun of material:  tablelegs
			processing texture yellowwood_color
				WARNING: Exception during copy:
					'd:\\Data\\HTTP3DInc\\Blender\\tabledisplay\\yellowwood_color.jpg' and 'D:\\Data\\HTTP3DInc\\Blender\\tabledisplay\\yellowwood_color.jpg' are the same file
				texture type:  diffuseTexture, mapped using: "UVMap"
			processing texture yellowwood_metalness
				WARNING: Exception during copy:
					'd:\\Data\\HTTP3DInc\\Blender\\tabledisplay\\yellowwood_metalness.jpg' and 'D:\\Data\\HTTP3DInc\\Blender\\tabledisplay\\yellowwood_metalness.jpg' are the same file
				texture type:  metallicTexture, mapped using: "UVMap"
			processing texture yellowwood_roughness
				WARNING: Exception during copy:
					'd:\\Data\\HTTP3DInc\\Blender\\tabledisplay\\yellowwood_roughness.jpg' and 'D:\\Data\\HTTP3DInc\\Blender\\tabledisplay\\yellowwood_roughness.jpg' are the same file
				texture type:  value not meaningful 2, mapped using: "UVMap"
			processing texture yellowwood_normal
				WARNING: Exception during copy:
					'd:\\Data\\HTTP3DInc\\Blender\\tabledisplay\\yellowwood_normal.jpg' and 'D:\\Data\\HTTP3DInc\\Blender\\tabledisplay\\yellowwood_normal.jpg' are the same file
				texture type:  bumpTexture, mapped using: "UVMap"
		num positions      :  865
		num normals        :  865
		num tangents       :  0
		num uvs            :  1730
		num uvs2           :  0
		num colors         :  0
		num indices        :  4326
	processing begun of mesh:  shirts
		processing begun of material:  shirtsred
		processing begun of material:  shirtsgreen
		processing begun of material:  shirts
		processing begun of material:  shirtstan
			processing texture redfabric_color
				WARNING: Exception during copy:
					'd:\\Data\\HTTP3DInc\\Blender\\tabledisplay\\redfabric_color.jpg' and 'D:\\Data\\HTTP3DInc\\Blender\\tabledisplay\\redfabric_color.jpg' are the same file
				texture type:  diffuseTexture, mapped using: "UVMap"
			processing texture yellowfabric_roughness
				WARNING: Exception during copy:
					'd:\\Data\\HTTP3DInc\\Blender\\tabledisplay\\yellowfabric_roughness.jpg' and 'D:\\Data\\HTTP3DInc\\Blender\\tabledisplay\\yellowfabric_roughness.jpg' are the same file
				texture type:  value not meaningful 2, mapped using: "UVMap"
			processing texture yellowfabric_normal
				WARNING: Exception during copy:
					'd:\\Data\\HTTP3DInc\\Blender\\tabledisplay\\yellowfabric_normal.jpg' and 'D:\\Data\\HTTP3DInc\\Blender\\tabledisplay\\yellowfabric_normal.jpg' are the same file
				texture type:  bumpTexture, mapped using: "UVMap"
			processing texture greenfabric_color
				WARNING: Exception during copy:
					'd:\\Data\\HTTP3DInc\\Blender\\tabledisplay\\greenfabric_color.jpg' and 'D:\\Data\\HTTP3DInc\\Blender\\tabledisplay\\greenfabric_color.jpg' are the same file
				texture type:  diffuseTexture, mapped using: "UVMap"
			processing texture yellowfabric_roughness
				WARNING: Exception during copy:
					'd:\\Data\\HTTP3DInc\\Blender\\tabledisplay\\yellowfabric_roughness.jpg' and 'D:\\Data\\HTTP3DInc\\Blender\\tabledisplay\\yellowfabric_roughness.jpg' are the same file
				texture type:  value not meaningful 2, mapped using: "UVMap"
			processing texture yellowfabric_normal
				WARNING: Exception during copy:
					'd:\\Data\\HTTP3DInc\\Blender\\tabledisplay\\yellowfabric_normal.jpg' and 'D:\\Data\\HTTP3DInc\\Blender\\tabledisplay\\yellowfabric_normal.jpg' are the same file
				texture type:  bumpTexture, mapped using: "UVMap"
			processing texture yellowfabric_color
				WARNING: Exception during copy:
					'd:\\Data\\HTTP3DInc\\Blender\\tabledisplay\\yellowfabric_color.jpg' and 'D:\\Data\\HTTP3DInc\\Blender\\tabledisplay\\yellowfabric_color.jpg' are the same file
				texture type:  diffuseTexture, mapped using: "UVMap"
			processing texture yellowfabric_roughness
				WARNING: Exception during copy:
					'd:\\Data\\HTTP3DInc\\Blender\\tabledisplay\\yellowfabric_roughness.jpg' and 'D:\\Data\\HTTP3DInc\\Blender\\tabledisplay\\yellowfabric_roughness.jpg' are the same file
				texture type:  value not meaningful 2, mapped using: "UVMap"
			processing texture yellowfabric_normal
				WARNING: Exception during copy:
					'd:\\Data\\HTTP3DInc\\Blender\\tabledisplay\\yellowfabric_normal.jpg' and 'D:\\Data\\HTTP3DInc\\Blender\\tabledisplay\\yellowfabric_normal.jpg' are the same file
				texture type:  bumpTexture, mapped using: "UVMap"
			processing texture tanfabric_color
				WARNING: Exception during copy:
					'd:\\Data\\HTTP3DInc\\Blender\\tabledisplay\\tanfabric_color.jpg' and 'D:\\Data\\HTTP3DInc\\Blender\\tabledisplay\\tanfabric_color.jpg' are the same file
				texture type:  diffuseTexture, mapped using: "UVMap"
			processing texture yellowfabric_roughness
				WARNING: Exception during copy:
					'd:\\Data\\HTTP3DInc\\Blender\\tabledisplay\\yellowfabric_roughness.jpg' and 'D:\\Data\\HTTP3DInc\\Blender\\tabledisplay\\yellowfabric_roughness.jpg' are the same file
				texture type:  value not meaningful 2, mapped using: "UVMap"
			processing texture yellowfabric_normal
				WARNING: Exception during copy:
					'd:\\Data\\HTTP3DInc\\Blender\\tabledisplay\\yellowfabric_normal.jpg' and 'D:\\Data\\HTTP3DInc\\Blender\\tabledisplay\\yellowfabric_normal.jpg' are the same file
				texture type:  bumpTexture, mapped using: "UVMap"
		processing begun of multimaterial:  tabledisplay.Multimaterial#0
		num positions      :  1753
		num normals        :  1753
		num tangents       :  0
		num uvs            :  3506
		num uvs2           :  0
		num colors         :  0
		num indices        :  8793
	processing begun of light (DIRECTIONAL):  Light
========= Writing of JSON file started =========
	writing mesh:  tables
	writing mesh:  edges
	writing mesh:  legs
	writing mesh:  shirts
========= Writing of JSON file completed =========
========= end of processing =========
elapsed time:  0 min, 0.7841 secs
