Exporter version: 6.4.4, Blender version: 2.90.0
========= Conversion from Blender to Babylon.js =========
	Scene settings used :
		Inline textures     :  false
		Material Type       :  PBR
		Positions Precision :  4
		Normals Precision   :  3
		UVs Precision       :  3
		Vert Color Precision:  3
		Mat Weight Precision:  2
		Keep Z-up r-handed  :  no
		Texture directory   :  D:\Data\HTTP3DInc\Blender\castle\
	Python World class constructor completed
	processing begun of camera (UniversalCamera):  Camera
	processing begun of mesh:  castlewalls
		processing begun of material:  castlerock
		processing begun of material:  transparent
		processing begun of material:  redrock
		processing begun of material:  woodfloor
		processing begun of material:  tile
			processing texture rock023_color
				texture type:  diffuseTexture, mapped using: "UVMap"
			processing texture rock023_ambientocclusion
				texture type:  specularTexture, mapped using: "UVMap"
			processing texture rock023_roughness
				texture type:  value not meaningful 2, mapped using: "UVMap"
			processing texture rock023_normal
				texture type:  bumpTexture, mapped using: "UVMap"
			processing texture rock029_color
				texture type:  diffuseTexture, mapped using: "UVMap"
			processing texture rock029_roughness
				texture type:  value not meaningful 2, mapped using: "UVMap"
			processing texture rock029_normal
				texture type:  bumpTexture, mapped using: "UVMap"
			processing texture woodfloor041_color
				texture type:  diffuseTexture, mapped using: "UVMap"
			processing texture woodfloor041_ambientocclusion
				texture type:  specularTexture, mapped using: "UVMap"
			processing texture woodfloor041_roughness
				texture type:  value not meaningful 2, mapped using: "UVMap"
			processing texture woodfloor041_normal
				texture type:  bumpTexture, mapped using: "UVMap"
			processing texture pavingstones065_color
				texture type:  diffuseTexture, mapped using: "UVMap"
			processing texture pavingstones065_ambientocclusion
				texture type:  specularTexture, mapped using: "UVMap"
			processing texture pavingstones065_roughness
				texture type:  value not meaningful 2, mapped using: "UVMap"
			processing texture pavingstones065_normal
				texture type:  bumpTexture, mapped using: "UVMap"
		processing begun of multimaterial:  castlewalls_30degree_left.Multimaterial#0
		num positions      :  3399
		num normals        :  3399
		num tangents       :  0
		num uvs            :  6798
		num uvs2           :  0
		num colors         :  0
		num triangles      :  1352
	processing begun of light (POINT):  Light
========= Writing of JSON file started =========
	writing mesh:  castlewalls
========= Writing of JSON file completed =========
========= end of processing =========
elapsed time:  0 min, 0.3239 secs
