Exporter version: 6.3.1, Blender version: 2.82 (sub 7)
========= Conversion from Blender to Babylon.js =========
	Scene settings used :
		Inline textures     :  false
		Material Type       :  PBR
		Positions Precision :  4
		Normals Precision   :  3
		UVs Precision       :  3
		Vert Color Precision:  3
		Mat Weight Precision:  2
		Keep Z-up r-handed  :  no
		Texture directory   :  D:\Data\HTTP3DInc\Blender\building\mattkalla\desk\
	Python World class constructor completed
	processing begun of camera (UniversalCamera):  Camera
	processing begun of mesh:  10240_Office_Desk_v3_max2011
		processing begun of material:  10240_Office_Desk_v2
			processing texture desk_diffuse
				WARNING: Exception during copy:
					'd:\\Data\\HTTP3DInc\\Blender\\building\\mattkalla\\desk\\desk_diffuse.jpg' and 'D:\\Data\\HTTP3DInc\\Blender\\building\\mattkalla\\desk\\desk_diffuse.jpg' are the same file
				texture type:  diffuseTexture, mapped using: "UVMap"
		Custom split normals with tangents being used
		num positions      :  24979
		num normals        :  24979
		num tangents       :  99916
		num uvs            :  49958
		num uvs2           :  0
		num colors         :  0
		num indices        :  85404
	processing begun of light (POINT):  Light
========= Writing of JSON file started =========
	writing mesh:  10240_Office_Desk_v3_max2011
========= Writing of JSON file completed =========
========= end of processing =========
elapsed time:  0 min, 7.4093 secs
