Exporter version: 2.80.1, Blender version: 2.90.0
========= Conversion from Blender to Babylon.js =========
	Scene settings used :
		Inline textures     :  false
		Material Type       :  PBR
		Positions Precision :  4
		Normals Precision   :  3
		UVs Precision       :  3
		Vert Color Precision:  3
		Mat Weight Precision:  2
		Keep Z-up r-handed  :  no
		Texture directory   :  D:\Data\HTTP3DInc\Blender\building\city-oldcanalside\
	Python World class constructor completed
	processing begun of mesh:  foundation
		processing begun of material:  handrails
		processing begun of material:  green rock
		processing begun of material:  green rock light
		processing begun of material:  white marble
		processing begun of material:  white bricks
		processing begun of material:  path rocks
		processing begun of material:  sidewalks
		processing begun of material:  bridge rock
		processing begun of material:  transparent
			processing texture greenrock_color
				texture type:  diffuseTexture, mapped using: "UVMap"
			processing texture greenrock_roughness
				texture type:  value not meaningful 2, mapped using: "UVMap"
			processing texture greenrock_normal
				texture type:  bumpTexture, mapped using: "UVMap"
			processing texture greenrocklight_color
				texture type:  diffuseTexture, mapped using: "UVMap"
			processing texture greenrocklight_roughness
				texture type:  value not meaningful 2, mapped using: "UVMap"
			processing texture greenrocklight_normal
				texture type:  bumpTexture, mapped using: "UVMap"
			processing texture whitemarble_color
				texture type:  diffuseTexture, mapped using: "UVMap"
			processing texture whitemarble_roughness
				texture type:  value not meaningful 2, mapped using: "UVMap"
			processing texture whitemarble_normal
				texture type:  bumpTexture, mapped using: "UVMap"
			processing texture whitepavingstones_color
				texture type:  diffuseTexture, mapped using: "UVMap"
			processing texture whitepavingstones_roughness
				texture type:  value not meaningful 2, mapped using: "UVMap"
			processing texture whitepavingstones_normal
				texture type:  bumpTexture, mapped using: "UVMap"
			processing texture pathrocks_color
				texture type:  diffuseTexture, mapped using: "UVMap"
			processing texture pathrocks_roughness
				texture type:  value not meaningful 2, mapped using: "UVMap"
			processing texture pathrocks_normal
				texture type:  bumpTexture, mapped using: "UVMap"
			processing texture whiteconcrete_color
				texture type:  diffuseTexture, mapped using: "UVMap"
			processing texture whiteconcrete_roughness
				texture type:  value not meaningful 2, mapped using: "UVMap"
			processing texture whiteconcrete_normal
				texture type:  bumpTexture, mapped using: "UVMap"
			processing texture ground21_col
				texture type:  diffuseTexture, mapped using: "UVMap"
			processing texture ground21_rgh
				texture type:  value not meaningful 2, mapped using: "UVMap"
			processing texture ground21_nrm
				texture type:  bumpTexture, mapped using: "UVMap"
		processing begun of multimaterial:  city_canaltwoside.Multimaterial#0
		num positions      :  6887
		num normals        :  6887
		num tangents       :  0
		num uvs            :  13774
		num uvs2           :  0
		num colors         :  0
		num triangles      :  2482
	processing begun of camera (UniversalCamera):  Camera
	processing begun of light (DIRECTIONAL):  Light
========= Writing of JSON file started =========
	writing mesh:  foundation
========= Writing of JSON file completed =========
========= end of processing =========
elapsed time:  0 min, 0.4889 secs
