Exporter version: 6.3.1, Blender version: 2.82 (sub 7)
========= Conversion from Blender to Babylon.js =========
	Scene settings used :
		Inline textures     :  false
		Material Type       :  PBR
		Positions Precision :  4
		Normals Precision   :  3
		UVs Precision       :  3
		Vert Color Precision:  3
		Mat Weight Precision:  2
		Keep Z-up r-handed  :  no
		Texture directory   :  D:\Data\HTTP3DInc\Blender\lifeguardbooth2\
	Python World class constructor completed
	processing begun of camera (UniversalCamera):  Camera
	processing begun of mesh:  LifeguardBooth02
		processing begun of material:  LifeguardBooth_Body
		processing begun of material:  LifeguardBooth_Alpha
		processing begun of material:  glass
			processing texture uploads_files_253169_LifeguardBooth02
				WARNING: Exception during copy:
					'D:\\Data\\HTTP3DInc\\Blender\\lifeguardbooth2\\uploads_files_253169_LifeguardBooth02.png' and 'D:\\Data\\HTTP3DInc\\Blender\\lifeguardbooth2\\uploads_files_253169_LifeguardBooth02.png' are the same file
				texture type:  diffuseTexture, mapped using: "UVChannel_1"
			processing texture uploads_files_253169_LifeguardBooth02
				WARNING: Exception during copy:
					'D:\\Data\\HTTP3DInc\\Blender\\lifeguardbooth2\\uploads_files_253169_LifeguardBooth02.png' and 'D:\\Data\\HTTP3DInc\\Blender\\lifeguardbooth2\\uploads_files_253169_LifeguardBooth02.png' are the same file
				texture type:  diffuseTexture, mapped using: "UVChannel_1"
		processing begun of multimaterial:  lifeguardbooth.Multimaterial#0
		Custom split normals with tangents being used
		num positions      :  3898
		num normals        :  3898
		num tangents       :  15592
		num uvs            :  7796
		num uvs2           :  0
		num colors         :  0
		num indices        :  6345
	processing begun of light (DIRECTIONAL):  Light
========= Writing of JSON file started =========
	writing mesh:  LifeguardBooth02
========= Writing of JSON file completed =========
========= end of processing =========
elapsed time:  0 min, 0.6592 secs
