Exporter version: 6.3.1, Blender version: 2.82 (sub 7)
========= Conversion from Blender to Babylon.js =========
	Scene settings used :
		Inline textures     :  false
		Material Type       :  PBR
		Positions Precision :  4
		Normals Precision   :  3
		UVs Precision       :  3
		Vert Color Precision:  3
		Mat Weight Precision:  2
		Keep Z-up r-handed  :  no
		Texture directory   :  D:\Data\HTTP3DInc\Blender\3dglasses\
	Python World class constructor completed
	processing begun of mesh:  3DGlasses.007
		processing begun of material:  FrameMaterial
		processing begun of material:  RedMaterial
		processing begun of material:  CyanMaterial
		processing begun of material:  FoldMaterial
		processing begun of material:  FontMaterial
		processing begun of multimaterial:  dglasses_flat_3.Multimaterial#0
		num positions      :  11843
		num normals        :  11843
		num tangents       :  0
		num uvs            :  0
		num uvs2           :  0
		num colors         :  0
		num indices        :  34146
	processing begun of mesh:  3DGlasses.006
		processing begun of material:  FrameMaterial
		processing begun of material:  RedMaterial
		processing begun of material:  CyanMaterial
		processing begun of material:  FoldMaterial
		processing begun of material:  FontMaterial
		registered as also a user of material:  RedMaterial
		registered as also a user of material:  CyanMaterial
		registered as also a user of material:  FoldMaterial
		registered as also a user of material:  FontMaterial
		processing begun of multimaterial:  dglasses_flat_3.Multimaterial#1
		num positions      :  11843
		num normals        :  11843
		num tangents       :  0
		num uvs            :  0
		num uvs2           :  0
		num colors         :  0
		num indices        :  34146
	processing begun of mesh:  3DGlasses.005
		processing begun of material:  FrameMaterial
		processing begun of material:  RedMaterial
		processing begun of material:  CyanMaterial
		processing begun of material:  FoldMaterial
		processing begun of material:  FontMaterial
		registered as also a user of material:  RedMaterial
		registered as also a user of material:  CyanMaterial
		registered as also a user of material:  FoldMaterial
		registered as also a user of material:  FontMaterial
		processing begun of multimaterial:  dglasses_flat_3.Multimaterial#2
		num positions      :  11843
		num normals        :  11843
		num tangents       :  0
		num uvs            :  0
		num uvs2           :  0
		num colors         :  0
		num indices        :  34146
	processing begun of mesh:  3DGlasses.004
		processing begun of material:  FrameMaterial
		processing begun of material:  RedMaterial
		processing begun of material:  CyanMaterial
		processing begun of material:  FoldMaterial
		processing begun of material:  FontMaterial
		registered as also a user of material:  RedMaterial
		registered as also a user of material:  CyanMaterial
		registered as also a user of material:  FoldMaterial
		registered as also a user of material:  FontMaterial
		processing begun of multimaterial:  dglasses_flat_3.Multimaterial#3
		num positions      :  11843
		num normals        :  11843
		num tangents       :  0
		num uvs            :  0
		num uvs2           :  0
		num colors         :  0
		num indices        :  34146
	processing begun of mesh:  3DGlasses.003
		processing begun of material:  FrameMaterial
		processing begun of material:  RedMaterial
		processing begun of material:  CyanMaterial
		processing begun of material:  FoldMaterial
		processing begun of material:  FontMaterial
		registered as also a user of material:  RedMaterial
		registered as also a user of material:  CyanMaterial
		registered as also a user of material:  FoldMaterial
		registered as also a user of material:  FontMaterial
		processing begun of multimaterial:  dglasses_flat_3.Multimaterial#4
		num positions      :  11843
		num normals        :  11843
		num tangents       :  0
		num uvs            :  0
		num uvs2           :  0
		num colors         :  0
		num indices        :  34146
	processing begun of mesh:  3DGlasses.002
		processing begun of material:  FrameMaterial
		processing begun of material:  RedMaterial
		processing begun of material:  CyanMaterial
		processing begun of material:  FoldMaterial
		processing begun of material:  FontMaterial
		registered as also a user of material:  RedMaterial
		registered as also a user of material:  CyanMaterial
		registered as also a user of material:  FoldMaterial
		registered as also a user of material:  FontMaterial
		processing begun of multimaterial:  dglasses_flat_3.Multimaterial#5
		num positions      :  11843
		num normals        :  11843
		num tangents       :  0
		num uvs            :  0
		num uvs2           :  0
		num colors         :  0
		num indices        :  34146
	processing begun of mesh:  3DGlasses.001
		processing begun of material:  FrameMaterial
		processing begun of material:  RedMaterial
		processing begun of material:  CyanMaterial
		processing begun of material:  FoldMaterial
		processing begun of material:  FontMaterial
		registered as also a user of material:  RedMaterial
		registered as also a user of material:  CyanMaterial
		registered as also a user of material:  FoldMaterial
		registered as also a user of material:  FontMaterial
		processing begun of multimaterial:  dglasses_flat_3.Multimaterial#6
		num positions      :  11843
		num normals        :  11843
		num tangents       :  0
		num uvs            :  0
		num uvs2           :  0
		num colors         :  0
		num indices        :  34146
	processing begun of mesh:  3DGlasses
		processing begun of material:  FrameMaterial
		processing begun of material:  RedMaterial
		processing begun of material:  CyanMaterial
		processing begun of material:  FoldMaterial
		processing begun of material:  FontMaterial
		registered as also a user of material:  RedMaterial
		registered as also a user of material:  CyanMaterial
		registered as also a user of material:  FoldMaterial
		registered as also a user of material:  FontMaterial
		processing begun of multimaterial:  dglasses_flat_3.Multimaterial#7
		num positions      :  11843
		num normals        :  11843
		num tangents       :  0
		num uvs            :  0
		num uvs2           :  0
		num colors         :  0
		num indices        :  34146
	processing begun of camera (UniversalCamera):  Camera
	processing begun of light (POINT):  Lamp
========= Writing of JSON file started =========
	writing mesh:  3DGlasses.007
	writing mesh:  3DGlasses.006
	writing mesh:  3DGlasses.005
	writing mesh:  3DGlasses.004
	writing mesh:  3DGlasses.003
	writing mesh:  3DGlasses.002
	writing mesh:  3DGlasses.001
	writing mesh:  3DGlasses
========= Writing of JSON file completed =========
========= end of processing =========
elapsed time:  0 min, 9.7258 secs
