Exporter version: 6.4.4, Blender version: 2.90.0
========= Conversion from Blender to Babylon.js =========
	Scene settings used :
		Inline textures     :  false
		Material Type       :  PBR
		Positions Precision :  4
		Normals Precision   :  3
		UVs Precision       :  3
		Vert Color Precision:  3
		Mat Weight Precision:  2
		Keep Z-up r-handed  :  no
		Texture directory   :  D:\Data\HTTP3DInc\Blender\communities\
	Python World class constructor completed
	processing begun of skeleton:  Armature, id:  0
		processing begun of bone:  nred, index:  0
		processing begun of bone:  nyellow, index:  1
		processing begun of bone:  ngreen, index:  2
		processing begun of bone:  ndontwalk, index:  3
		processing begun of bone:  nwalk, index:  4
		processing begun of bone:  sred, index:  5
		processing begun of bone:  syellow, index:  6
		processing begun of bone:  sgreen, index:  7
		processing begun of bone:  sdontwalk, index:  8
		processing begun of bone:  swalk, index:  9
		processing begun of bone:  wred, index:  10
		processing begun of bone:  wyellow, index:  11
		processing begun of bone:  wgreen, index:  12
		processing begun of bone:  wdontwalk, index:  13
		processing begun of bone:  wwalk, index:  14
		processing begun of bone:  ered, index:  15
		processing begun of bone:  eyellow, index:  16
		processing begun of bone:  egreen, index:  17
		processing begun of bone:  edontwalk, index:  18
		processing begun of bone:  ewalk, index:  19
		processing begun of bone:  edontwalk2, index:  20
		processing begun of bone:  ewalk2, index:  21
		processing begun of bone:  ndontwalk2, index:  22
		processing begun of bone:  nwalk2, index:  23
		processing begun of bone:  wdontwalk2, index:  24
		processing begun of bone:  wwalk2, index:  25
		processing begun of bone:  sdontwalk2, index:  26
		processing begun of bone:  swalk2, index:  27
		processing action ArmatureAction:  in[0 - 600], out[0 - 600]
	processing begun of camera (UniversalCamera):  Camera
	processing begun of mesh:  northgreen
		processing begun of material:  darklens
		num positions      :  196
		num normals        :  196
		num tangents       :  0
		num uvs            :  0
		num uvs2           :  0
		num colors         :  0
		num triangles      :  384
		Skeleton stats:  
			Total Influencers:  196
			Avg # of influencers per vertex:  1
			Highest # of influencers observed:  1, num vertices with this:  196
			exported as 1 influencers
			num skeletonWeights and skeletonIndices:  784
	processing begun of mesh:  northlights
		processing begun of material:  blackmetal
		processing begun of material:  yellow
		processing begun of material:  green glow ball
		processing begun of material:  red glow ball
		processing begun of material:  yellow glow ball
		processing begun of multimaterial:  citystreets_intersection_signals.Multimaterial#0
		num positions      :  8402
		num normals        :  8402
		num tangents       :  0
		num uvs            :  16804
		num uvs2           :  0
		num colors         :  0
		num triangles      :  3172
	processing begun of mesh:  northred
		processing begun of material:  darklens
		registered as also a user of material:  darklens
		num positions      :  196
		num normals        :  196
		num tangents       :  0
		num uvs            :  0
		num uvs2           :  0
		num colors         :  0
		num triangles      :  384
		Skeleton stats:  
			Total Influencers:  196
			Avg # of influencers per vertex:  1
			Highest # of influencers observed:  1, num vertices with this:  196
			exported as 1 influencers
			num skeletonWeights and skeletonIndices:  784
	processing begun of mesh:  northyellow
		processing begun of material:  darklens
		registered as also a user of material:  darklens
		num positions      :  196
		num normals        :  196
		num tangents       :  0
		num uvs            :  0
		num uvs2           :  0
		num colors         :  0
		num triangles      :  384
		Skeleton stats:  
			Total Influencers:  196
			Avg # of influencers per vertex:  1
			Highest # of influencers observed:  1, num vertices with this:  196
			exported as 1 influencers
			num skeletonWeights and skeletonIndices:  784
	processing begun of mesh:  northpole
		processing begun of material:  Material
		processing begun of material:  curbs
		processing begun of material:  streetlight
		processing begun of material:  blackmetal
		processing begun of material:  darklens
		processing begun of material:  walk
		processing begun of material:  red glow ball
		processing begun of material:  metal
			processing texture concrete024_color
				texture type:  diffuseTexture, mapped using: "UVMap"
			processing texture concrete024_roughness
				texture type:  value not meaningful 2, mapped using: "UVMap"
			processing texture concrete024_normal
				texture type:  bumpTexture, mapped using: "UVMap"
		registered as also a user of material:  blackmetal
		registered as also a user of material:  darklens
		registered as also a user of material:  red glow ball
			processing texture metal019_color
				texture type:  diffuseTexture, mapped using: "UVMap"
			processing texture metal019_metalness
				texture type:  metallicTexture, mapped using: "UVMap"
			processing texture metal019_roughness
				texture type:  value not meaningful 2, mapped using: "UVMap"
			processing texture metal019_normal
				texture type:  bumpTexture, mapped using: "UVMap"
		processing begun of multimaterial:  citystreets_intersection_signals.Multimaterial#1
		num positions      :  2968
		num normals        :  2968
		num tangents       :  0
		num uvs            :  5936
		num uvs2           :  0
		num colors         :  0
		num triangles      :  3092
	processing begun of mesh:  northwalk
		processing begun of material:  Material
		processing begun of material:  darklens
		processing begun of material:  blackmetal
		processing begun of material:  walk
		processing begun of material:  red glow ball
		registered as also a user of material:  Material
		registered as also a user of material:  darklens
		registered as also a user of material:  blackmetal
		registered as also a user of material:  walk
		registered as also a user of material:  red glow ball
		processing begun of multimaterial:  citystreets_intersection_signals.Multimaterial#2
		num positions      :  124
		num normals        :  124
		num tangents       :  0
		num uvs            :  248
		num uvs2           :  0
		num colors         :  0
		num triangles      :  244
		Skeleton stats:  
			Total Influencers:  124
			Avg # of influencers per vertex:  1
			Highest # of influencers observed:  1, num vertices with this:  124
			exported as 1 influencers
			num skeletonWeights and skeletonIndices:  496
	processing begun of mesh:  northdontwalk
		processing begun of material:  Material
		processing begun of material:  darklens
		processing begun of material:  blackmetal
		processing begun of material:  walk
		processing begun of material:  red glow ball
		registered as also a user of material:  Material
		registered as also a user of material:  darklens
		registered as also a user of material:  blackmetal
		registered as also a user of material:  walk
		registered as also a user of material:  red glow ball
		processing begun of multimaterial:  citystreets_intersection_signals.Multimaterial#3
		num positions      :  110
		num normals        :  110
		num tangents       :  0
		num uvs            :  220
		num uvs2           :  0
		num colors         :  0
		num triangles      :  216
		Skeleton stats:  
			Total Influencers:  110
			Avg # of influencers per vertex:  1
			Highest # of influencers observed:  1, num vertices with this:  110
			exported as 1 influencers
			num skeletonWeights and skeletonIndices:  440
	processing begun of mesh:  southgreen
		processing begun of material:  darklens
		registered as also a user of material:  darklens
		num positions      :  196
		num normals        :  196
		num tangents       :  0
		num uvs            :  0
		num uvs2           :  0
		num colors         :  0
		num triangles      :  384
		Skeleton stats:  
			Total Influencers:  196
			Avg # of influencers per vertex:  1
			Highest # of influencers observed:  1, num vertices with this:  196
			exported as 1 influencers
			num skeletonWeights and skeletonIndices:  784
	processing begun of mesh:  southlights
		processing begun of material:  blackmetal
		processing begun of material:  yellow
		processing begun of material:  green glow ball
		processing begun of material:  red glow ball
		processing begun of material:  yellow glow ball
		registered as also a user of material:  blackmetal
		registered as also a user of material:  yellow
		registered as also a user of material:  green glow ball
		registered as also a user of material:  red glow ball
		registered as also a user of material:  yellow glow ball
		processing begun of multimaterial:  citystreets_intersection_signals.Multimaterial#4
		num positions      :  8402
		num normals        :  8402
		num tangents       :  0
		num uvs            :  16804
		num uvs2           :  0
		num colors         :  0
		num triangles      :  3172
	processing begun of mesh:  southred
		processing begun of material:  darklens
		registered as also a user of material:  darklens
		num positions      :  196
		num normals        :  196
		num tangents       :  0
		num uvs            :  0
		num uvs2           :  0
		num colors         :  0
		num triangles      :  384
		Skeleton stats:  
			Total Influencers:  196
			Avg # of influencers per vertex:  1
			Highest # of influencers observed:  1, num vertices with this:  196
			exported as 1 influencers
			num skeletonWeights and skeletonIndices:  784
	processing begun of mesh:  southyellow
		processing begun of material:  darklens
		registered as also a user of material:  darklens
		num positions      :  196
		num normals        :  196
		num tangents       :  0
		num uvs            :  0
		num uvs2           :  0
		num colors         :  0
		num triangles      :  384
		Skeleton stats:  
			Total Influencers:  196
			Avg # of influencers per vertex:  1
			Highest # of influencers observed:  1, num vertices with this:  196
			exported as 1 influencers
			num skeletonWeights and skeletonIndices:  784
	processing begun of mesh:  southpole
		processing begun of material:  Material
		processing begun of material:  curbs
		processing begun of material:  streetlight
		processing begun of material:  blackmetal
		processing begun of material:  darklens
		processing begun of material:  walk
		processing begun of material:  red glow ball
		processing begun of material:  metal
		registered as also a user of material:  Material
		registered as also a user of material:  curbs
		registered as also a user of material:  streetlight
		registered as also a user of material:  blackmetal
		registered as also a user of material:  darklens
		registered as also a user of material:  walk
		registered as also a user of material:  red glow ball
		registered as also a user of material:  metal
		processing begun of multimaterial:  citystreets_intersection_signals.Multimaterial#5
		num positions      :  2963
		num normals        :  2963
		num tangents       :  0
		num uvs            :  5926
		num uvs2           :  0
		num colors         :  0
		num triangles      :  3092
	processing begun of mesh:  southwalk
		processing begun of material:  Material
		processing begun of material:  darklens
		processing begun of material:  blackmetal
		processing begun of material:  walk
		processing begun of material:  red glow ball
		registered as also a user of material:  Material
		registered as also a user of material:  darklens
		registered as also a user of material:  blackmetal
		registered as also a user of material:  walk
		registered as also a user of material:  red glow ball
		processing begun of multimaterial:  citystreets_intersection_signals.Multimaterial#6
		num positions      :  124
		num normals        :  124
		num tangents       :  0
		num uvs            :  248
		num uvs2           :  0
		num colors         :  0
		num triangles      :  244
		Skeleton stats:  
			Total Influencers:  124
			Avg # of influencers per vertex:  1
			Highest # of influencers observed:  1, num vertices with this:  124
			exported as 1 influencers
			num skeletonWeights and skeletonIndices:  496
	processing begun of mesh:  southdontwalk
		processing begun of material:  Material
		processing begun of material:  darklens
		processing begun of material:  blackmetal
		processing begun of material:  walk
		processing begun of material:  red glow ball
		registered as also a user of material:  Material
		registered as also a user of material:  darklens
		registered as also a user of material:  blackmetal
		registered as also a user of material:  walk
		registered as also a user of material:  red glow ball
		processing begun of multimaterial:  citystreets_intersection_signals.Multimaterial#7
		num positions      :  110
		num normals        :  110
		num tangents       :  0
		num uvs            :  220
		num uvs2           :  0
		num colors         :  0
		num triangles      :  216
		Skeleton stats:  
			Total Influencers:  110
			Avg # of influencers per vertex:  1
			Highest # of influencers observed:  1, num vertices with this:  110
			exported as 1 influencers
			num skeletonWeights and skeletonIndices:  440
	processing begun of mesh:  westgreen
		processing begun of material:  darklens
		registered as also a user of material:  darklens
		num positions      :  196
		num normals        :  196
		num tangents       :  0
		num uvs            :  0
		num uvs2           :  0
		num colors         :  0
		num triangles      :  384
		Skeleton stats:  
			Total Influencers:  196
			Avg # of influencers per vertex:  1
			Highest # of influencers observed:  1, num vertices with this:  196
			exported as 1 influencers
			num skeletonWeights and skeletonIndices:  784
	processing begun of mesh:  westlights
		processing begun of material:  blackmetal
		processing begun of material:  yellow
		processing begun of material:  green glow ball
		processing begun of material:  red glow ball
		processing begun of material:  yellow glow ball
		registered as also a user of material:  blackmetal
		registered as also a user of material:  yellow
		registered as also a user of material:  green glow ball
		registered as also a user of material:  red glow ball
		registered as also a user of material:  yellow glow ball
		processing begun of multimaterial:  citystreets_intersection_signals.Multimaterial#8
		num positions      :  8402
		num normals        :  8402
		num tangents       :  0
		num uvs            :  16804
		num uvs2           :  0
		num colors         :  0
		num triangles      :  3172
	processing begun of mesh:  westred
		processing begun of material:  darklens
		registered as also a user of material:  darklens
		num positions      :  196
		num normals        :  196
		num tangents       :  0
		num uvs            :  0
		num uvs2           :  0
		num colors         :  0
		num triangles      :  384
		Skeleton stats:  
			Total Influencers:  196
			Avg # of influencers per vertex:  1
			Highest # of influencers observed:  1, num vertices with this:  196
			exported as 1 influencers
			num skeletonWeights and skeletonIndices:  784
	processing begun of mesh:  westyellow
		processing begun of material:  darklens
		registered as also a user of material:  darklens
		num positions      :  196
		num normals        :  196
		num tangents       :  0
		num uvs            :  0
		num uvs2           :  0
		num colors         :  0
		num triangles      :  384
		Skeleton stats:  
			Total Influencers:  196
			Avg # of influencers per vertex:  1
			Highest # of influencers observed:  1, num vertices with this:  196
			exported as 1 influencers
			num skeletonWeights and skeletonIndices:  784
	processing begun of mesh:  westpole
		processing begun of material:  Material
		processing begun of material:  curbs
		processing begun of material:  streetlight
		processing begun of material:  blackmetal
		processing begun of material:  darklens
		processing begun of material:  walk
		processing begun of material:  red glow ball
		processing begun of material:  metal
		registered as also a user of material:  Material
		registered as also a user of material:  curbs
		registered as also a user of material:  streetlight
		registered as also a user of material:  blackmetal
		registered as also a user of material:  darklens
		registered as also a user of material:  walk
		registered as also a user of material:  red glow ball
		registered as also a user of material:  metal
		processing begun of multimaterial:  citystreets_intersection_signals.Multimaterial#9
		num positions      :  2966
		num normals        :  2966
		num tangents       :  0
		num uvs            :  5932
		num uvs2           :  0
		num colors         :  0
		num triangles      :  3092
	processing begun of mesh:  westwalk
		processing begun of material:  Material
		processing begun of material:  darklens
		processing begun of material:  blackmetal
		processing begun of material:  walk
		processing begun of material:  red glow ball
		registered as also a user of material:  Material
		registered as also a user of material:  darklens
		registered as also a user of material:  blackmetal
		registered as also a user of material:  walk
		registered as also a user of material:  red glow ball
		processing begun of multimaterial:  citystreets_intersection_signals.Multimaterial#10
		num positions      :  124
		num normals        :  124
		num tangents       :  0
		num uvs            :  248
		num uvs2           :  0
		num colors         :  0
		num triangles      :  244
		Skeleton stats:  
			Total Influencers:  124
			Avg # of influencers per vertex:  1
			Highest # of influencers observed:  1, num vertices with this:  124
			exported as 1 influencers
			num skeletonWeights and skeletonIndices:  496
	processing begun of mesh:  westdontwalk
		processing begun of material:  Material
		processing begun of material:  darklens
		processing begun of material:  blackmetal
		processing begun of material:  walk
		processing begun of material:  red glow ball
		registered as also a user of material:  Material
		registered as also a user of material:  darklens
		registered as also a user of material:  blackmetal
		registered as also a user of material:  walk
		registered as also a user of material:  red glow ball
		processing begun of multimaterial:  citystreets_intersection_signals.Multimaterial#11
		num positions      :  110
		num normals        :  110
		num tangents       :  0
		num uvs            :  220
		num uvs2           :  0
		num colors         :  0
		num triangles      :  216
		Skeleton stats:  
			Total Influencers:  110
			Avg # of influencers per vertex:  1
			Highest # of influencers observed:  1, num vertices with this:  110
			exported as 1 influencers
			num skeletonWeights and skeletonIndices:  440
	processing begun of mesh:  eastgreen
		processing begun of material:  darklens
		registered as also a user of material:  darklens
		num positions      :  196
		num normals        :  196
		num tangents       :  0
		num uvs            :  0
		num uvs2           :  0
		num colors         :  0
		num triangles      :  384
		Skeleton stats:  
			Total Influencers:  196
			Avg # of influencers per vertex:  1
			Highest # of influencers observed:  1, num vertices with this:  196
			exported as 1 influencers
			num skeletonWeights and skeletonIndices:  784
	processing begun of mesh:  eastlights
		processing begun of material:  blackmetal
		processing begun of material:  yellow
		processing begun of material:  green glow ball
		processing begun of material:  red glow ball
		processing begun of material:  yellow glow ball
		registered as also a user of material:  blackmetal
		registered as also a user of material:  yellow
		registered as also a user of material:  green glow ball
		registered as also a user of material:  red glow ball
		registered as also a user of material:  yellow glow ball
		processing begun of multimaterial:  citystreets_intersection_signals.Multimaterial#12
		num positions      :  8403
		num normals        :  8403
		num tangents       :  0
		num uvs            :  16806
		num uvs2           :  0
		num colors         :  0
		num triangles      :  3172
	processing begun of mesh:  eastred
		processing begun of material:  darklens
		registered as also a user of material:  darklens
		num positions      :  196
		num normals        :  196
		num tangents       :  0
		num uvs            :  0
		num uvs2           :  0
		num colors         :  0
		num triangles      :  384
		Skeleton stats:  
			Total Influencers:  196
			Avg # of influencers per vertex:  1
			Highest # of influencers observed:  1, num vertices with this:  196
			exported as 1 influencers
			num skeletonWeights and skeletonIndices:  784
	processing begun of mesh:  eastyellow
		processing begun of material:  darklens
		registered as also a user of material:  darklens
		num positions      :  196
		num normals        :  196
		num tangents       :  0
		num uvs            :  0
		num uvs2           :  0
		num colors         :  0
		num triangles      :  384
		Skeleton stats:  
			Total Influencers:  196
			Avg # of influencers per vertex:  1
			Highest # of influencers observed:  1, num vertices with this:  196
			exported as 1 influencers
			num skeletonWeights and skeletonIndices:  784
	processing begun of mesh:  eastpole
		processing begun of material:  Material
		processing begun of material:  curbs
		processing begun of material:  streetlight
		processing begun of material:  blackmetal
		processing begun of material:  darklens
		processing begun of material:  walk
		processing begun of material:  red glow ball
		processing begun of material:  metal
		registered as also a user of material:  Material
		registered as also a user of material:  curbs
		registered as also a user of material:  streetlight
		registered as also a user of material:  blackmetal
		registered as also a user of material:  darklens
		registered as also a user of material:  walk
		registered as also a user of material:  red glow ball
		registered as also a user of material:  metal
		processing begun of multimaterial:  citystreets_intersection_signals.Multimaterial#13
		num positions      :  2962
		num normals        :  2962
		num tangents       :  0
		num uvs            :  5924
		num uvs2           :  0
		num colors         :  0
		num triangles      :  3092
	processing begun of mesh:  eastwalk
		processing begun of material:  Material
		processing begun of material:  darklens
		processing begun of material:  blackmetal
		processing begun of material:  walk
		processing begun of material:  red glow ball
		registered as also a user of material:  Material
		registered as also a user of material:  darklens
		registered as also a user of material:  blackmetal
		registered as also a user of material:  walk
		registered as also a user of material:  red glow ball
		processing begun of multimaterial:  citystreets_intersection_signals.Multimaterial#14
		num positions      :  124
		num normals        :  124
		num tangents       :  0
		num uvs            :  248
		num uvs2           :  0
		num colors         :  0
		num triangles      :  244
		Skeleton stats:  
			Total Influencers:  124
			Avg # of influencers per vertex:  1
			Highest # of influencers observed:  1, num vertices with this:  124
			exported as 1 influencers
			num skeletonWeights and skeletonIndices:  496
	processing begun of mesh:  eastdontwalk
		processing begun of material:  Material
		processing begun of material:  darklens
		processing begun of material:  blackmetal
		processing begun of material:  walk
		processing begun of material:  red glow ball
		registered as also a user of material:  Material
		registered as also a user of material:  darklens
		registered as also a user of material:  blackmetal
		registered as also a user of material:  walk
		registered as also a user of material:  red glow ball
		processing begun of multimaterial:  citystreets_intersection_signals.Multimaterial#15
		num positions      :  110
		num normals        :  110
		num tangents       :  0
		num uvs            :  220
		num uvs2           :  0
		num colors         :  0
		num triangles      :  216
		Skeleton stats:  
			Total Influencers:  110
			Avg # of influencers per vertex:  1
			Highest # of influencers observed:  1, num vertices with this:  110
			exported as 1 influencers
			num skeletonWeights and skeletonIndices:  440
	processing begun of mesh:  northwalk2
		processing begun of material:  Material
		processing begun of material:  darklens
		processing begun of material:  blackmetal
		processing begun of material:  walk
		processing begun of material:  red glow ball
		registered as also a user of material:  Material
		registered as also a user of material:  darklens
		registered as also a user of material:  blackmetal
		registered as also a user of material:  walk
		registered as also a user of material:  red glow ball
		processing begun of multimaterial:  citystreets_intersection_signals.Multimaterial#16
		num positions      :  124
		num normals        :  124
		num tangents       :  0
		num uvs            :  248
		num uvs2           :  0
		num colors         :  0
		num triangles      :  244
		Skeleton stats:  
			Total Influencers:  124
			Avg # of influencers per vertex:  1
			Highest # of influencers observed:  1, num vertices with this:  124
			exported as 1 influencers
			num skeletonWeights and skeletonIndices:  496
	processing begun of mesh:  northdontwalk2
		processing begun of material:  Material
		processing begun of material:  darklens
		processing begun of material:  blackmetal
		processing begun of material:  walk
		processing begun of material:  red glow ball
		registered as also a user of material:  Material
		registered as also a user of material:  darklens
		registered as also a user of material:  blackmetal
		registered as also a user of material:  walk
		registered as also a user of material:  red glow ball
		processing begun of multimaterial:  citystreets_intersection_signals.Multimaterial#17
		num positions      :  110
		num normals        :  110
		num tangents       :  0
		num uvs            :  220
		num uvs2           :  0
		num colors         :  0
		num triangles      :  216
		Skeleton stats:  
			Total Influencers:  110
			Avg # of influencers per vertex:  1
			Highest # of influencers observed:  1, num vertices with this:  110
			exported as 1 influencers
			num skeletonWeights and skeletonIndices:  440
	processing begun of mesh:  southwalk2
		processing begun of material:  Material
		processing begun of material:  darklens
		processing begun of material:  blackmetal
		processing begun of material:  walk
		processing begun of material:  red glow ball
		registered as also a user of material:  Material
		registered as also a user of material:  darklens
		registered as also a user of material:  blackmetal
		registered as also a user of material:  walk
		registered as also a user of material:  red glow ball
		processing begun of multimaterial:  citystreets_intersection_signals.Multimaterial#18
		num positions      :  124
		num normals        :  124
		num tangents       :  0
		num uvs            :  248
		num uvs2           :  0
		num colors         :  0
		num triangles      :  244
		Skeleton stats:  
			Total Influencers:  124
			Avg # of influencers per vertex:  1
			Highest # of influencers observed:  1, num vertices with this:  124
			exported as 1 influencers
			num skeletonWeights and skeletonIndices:  496
	processing begun of mesh:  southdontwalk2
		processing begun of material:  Material
		processing begun of material:  darklens
		processing begun of material:  blackmetal
		processing begun of material:  walk
		processing begun of material:  red glow ball
		registered as also a user of material:  Material
		registered as also a user of material:  darklens
		registered as also a user of material:  blackmetal
		registered as also a user of material:  walk
		registered as also a user of material:  red glow ball
		processing begun of multimaterial:  citystreets_intersection_signals.Multimaterial#19
		num positions      :  110
		num normals        :  110
		num tangents       :  0
		num uvs            :  220
		num uvs2           :  0
		num colors         :  0
		num triangles      :  216
		Skeleton stats:  
			Total Influencers:  110
			Avg # of influencers per vertex:  1
			Highest # of influencers observed:  1, num vertices with this:  110
			exported as 1 influencers
			num skeletonWeights and skeletonIndices:  440
	processing begun of mesh:  eastwalk2
		processing begun of material:  Material
		processing begun of material:  darklens
		processing begun of material:  blackmetal
		processing begun of material:  walk
		processing begun of material:  red glow ball
		registered as also a user of material:  Material
		registered as also a user of material:  darklens
		registered as also a user of material:  blackmetal
		registered as also a user of material:  walk
		registered as also a user of material:  red glow ball
		processing begun of multimaterial:  citystreets_intersection_signals.Multimaterial#20
		num positions      :  124
		num normals        :  124
		num tangents       :  0
		num uvs            :  248
		num uvs2           :  0
		num colors         :  0
		num triangles      :  244
		Skeleton stats:  
			Total Influencers:  124
			Avg # of influencers per vertex:  1
			Highest # of influencers observed:  1, num vertices with this:  124
			exported as 1 influencers
			num skeletonWeights and skeletonIndices:  496
	processing begun of mesh:  eastdontwalk2
		processing begun of material:  Material
		processing begun of material:  darklens
		processing begun of material:  blackmetal
		processing begun of material:  walk
		processing begun of material:  red glow ball
		registered as also a user of material:  Material
		registered as also a user of material:  darklens
		registered as also a user of material:  blackmetal
		registered as also a user of material:  walk
		registered as also a user of material:  red glow ball
		processing begun of multimaterial:  citystreets_intersection_signals.Multimaterial#21
		num positions      :  110
		num normals        :  110
		num tangents       :  0
		num uvs            :  220
		num uvs2           :  0
		num colors         :  0
		num triangles      :  216
		Skeleton stats:  
			Total Influencers:  110
			Avg # of influencers per vertex:  1
			Highest # of influencers observed:  1, num vertices with this:  110
			exported as 1 influencers
			num skeletonWeights and skeletonIndices:  440
	processing begun of mesh:  westwalk2
		processing begun of material:  Material
		processing begun of material:  darklens
		processing begun of material:  blackmetal
		processing begun of material:  walk
		processing begun of material:  red glow ball
		registered as also a user of material:  Material
		registered as also a user of material:  darklens
		registered as also a user of material:  blackmetal
		registered as also a user of material:  walk
		registered as also a user of material:  red glow ball
		processing begun of multimaterial:  citystreets_intersection_signals.Multimaterial#22
		num positions      :  124
		num normals        :  124
		num tangents       :  0
		num uvs            :  248
		num uvs2           :  0
		num colors         :  0
		num triangles      :  244
		Skeleton stats:  
			Total Influencers:  124
			Avg # of influencers per vertex:  1
			Highest # of influencers observed:  1, num vertices with this:  124
			exported as 1 influencers
			num skeletonWeights and skeletonIndices:  496
	processing begun of mesh:  westdontwalk2
		processing begun of material:  Material
		processing begun of material:  darklens
		processing begun of material:  blackmetal
		processing begun of material:  walk
		processing begun of material:  red glow ball
		registered as also a user of material:  Material
		registered as also a user of material:  darklens
		registered as also a user of material:  blackmetal
		registered as also a user of material:  walk
		registered as also a user of material:  red glow ball
		processing begun of multimaterial:  citystreets_intersection_signals.Multimaterial#23
		num positions      :  110
		num normals        :  110
		num tangents       :  0
		num uvs            :  220
		num uvs2           :  0
		num colors         :  0
		num triangles      :  216
		Skeleton stats:  
			Total Influencers:  110
			Avg # of influencers per vertex:  1
			Highest # of influencers observed:  1, num vertices with this:  110
			exported as 1 influencers
			num skeletonWeights and skeletonIndices:  440
	processing begun of light (DIRECTIONAL):  Light
========= Writing of JSON file started =========
	writing mesh:  northgreen
	writing mesh:  northlights
	writing mesh:  northred
	writing mesh:  northyellow
	writing mesh:  northpole
	writing mesh:  northwalk
	writing mesh:  northdontwalk
	writing mesh:  southgreen
	writing mesh:  southlights
	writing mesh:  southred
	writing mesh:  southyellow
	writing mesh:  southpole
	writing mesh:  southwalk
	writing mesh:  southdontwalk
	writing mesh:  westgreen
	writing mesh:  westlights
	writing mesh:  westred
	writing mesh:  westyellow
	writing mesh:  westpole
	writing mesh:  westwalk
	writing mesh:  westdontwalk
	writing mesh:  eastgreen
	writing mesh:  eastlights
	writing mesh:  eastred
	writing mesh:  eastyellow
	writing mesh:  eastpole
	writing mesh:  eastwalk
	writing mesh:  eastdontwalk
	writing mesh:  northwalk2
	writing mesh:  northdontwalk2
	writing mesh:  southwalk2
	writing mesh:  southdontwalk2
	writing mesh:  eastwalk2
	writing mesh:  eastdontwalk2
	writing mesh:  westwalk2
	writing mesh:  westdontwalk2
========= Writing of JSON file completed =========
========= end of processing =========
elapsed time:  0 min, 9.5973 secs
