Exporter version: 6.4.4, Blender version: 2.90.0
========= Conversion from Blender to Babylon.js =========
	Scene settings used :
		Inline textures     :  false
		Material Type       :  PBR
		Positions Precision :  4
		Normals Precision   :  3
		UVs Precision       :  3
		Vert Color Precision:  3
		Mat Weight Precision:  2
		Keep Z-up r-handed  :  no
		Texture directory   :  D:\Data\HTTP3DInc\Blender\building\cornerstore\
	Python World class constructor completed
	processing begun of camera (UniversalCamera):  Camera
	processing begun of mesh:  building
		processing begun of material:  green cement
		processing begun of material:  glass
		processing begun of material:  white cement
		processing begun of material:  cement dark green
		processing begun of material:  upper ceiling
		processing begun of material:  wireframe
		processing begun of material:  bluecarpet
			processing texture cementgreen_color
				texture type:  diffuseTexture, mapped using: "UVMap"
			processing texture cementgreen_roughness
				texture type:  value not meaningful 2, mapped using: "UVMap"
			processing texture cementgreen_normal
				texture type:  bumpTexture, mapped using: "UVMap"
			processing texture cementwhite_color
				texture type:  diffuseTexture, mapped using: "UVMap"
			processing texture cementwhite_roughness
				texture type:  value not meaningful 2, mapped using: "UVMap"
			processing texture cementwhite_normal
				texture type:  bumpTexture, mapped using: "UVMap"
			processing texture cementgreendark_color
				texture type:  diffuseTexture, mapped using: "UVMap"
			processing texture cementgreen_roughness
				texture type:  value not meaningful 2, mapped using: "UVMap"
			processing texture cementgreen_normal
				texture type:  bumpTexture, mapped using: "UVMap"
			processing texture cementgreen_color
				texture type:  diffuseTexture, mapped using: "UVMap"
			processing texture cementgreen_roughness
				texture type:  value not meaningful 2, mapped using: "UVMap"
			processing texture cementgreen_normal
				texture type:  bumpTexture, mapped using: "UVMap"
			processing texture carpet012_color
				texture type:  diffuseTexture, mapped using: "UVMap"
			processing texture carpet012_roughness
				texture type:  value not meaningful 2, mapped using: "UVMap"
			processing texture carpet012_normal
				texture type:  bumpTexture, mapped using: "UVMap"
		processing begun of multimaterial:  cornerstore.Multimaterial#0
		num positions      :  12477
		num normals        :  12477
		num tangents       :  0
		num uvs            :  24954
		num uvs2           :  0
		num colors         :  0
		num triangles      :  6800
	processing begun of light (DIRECTIONAL):  Light
	processing begun of light (POINT):  Point
========= Writing of JSON file started =========
	writing mesh:  building
========= Writing of JSON file completed =========
========= end of processing =========
elapsed time:  0 min, 1.6302 secs
