Exporter version: 2.80.1, Blender version: 2.90.0
========= Conversion from Blender to Babylon.js =========
	Scene settings used :
		Inline textures     :  false
		Material Type       :  PBR
		Positions Precision :  4
		Normals Precision   :  3
		UVs Precision       :  3
		Vert Color Precision:  3
		Mat Weight Precision:  2
		Keep Z-up r-handed  :  no
		Texture directory   :  D:\Data\HTTP3DInc\Blender\octopus\
	Python World class constructor completed
	processing begun of camera (UniversalCamera):  Camera
	processing begun of mesh:  doorright
		processing begun of material:  glass
		processing begun of material:  glassdark
		processing begun of material:  metalblack
		processing begun of multimaterial:  shelldoorright.Multimaterial#0
		num positions      :  137
		num normals        :  137
		num tangents       :  0
		num uvs            :  274
		num uvs2           :  0
		num colors         :  0
		num triangles      :  60
	processing begun of mesh:  doorshellright
		processing begun of material:  StingrayPBS1
			processing texture shell_basecolour
				texture type:  diffuseTexture, mapped using: "map1"
			processing texture shell_metallic
				texture type:  metallicTexture, mapped using: "map1"
			processing texture shell_roughness
				texture type:  value not meaningful 2, mapped using: "map1"
			processing texture shell_normal
				texture type:  bumpTexture, mapped using: "map1"
		Custom split normals with tangents being used
		num positions      :  1839
		num normals        :  1839
		num tangents       :  7356
		num uvs            :  3678
		num uvs2           :  0
		num colors         :  0
		num triangles      :  2848
	processing begun of light (POINT):  Light
========= Writing of JSON file started =========
	writing mesh:  doorright
	writing mesh:  doorshellright
========= Writing of JSON file completed =========
========= end of processing =========
elapsed time:  0 min, 0.6121 secs
