Exporter version: 6.3.1, Blender version: 2.82 (sub 7)
========= Conversion from Blender to Babylon.js =========
	Scene settings used :
		Inline textures     :  false
		Material Type       :  PBR
		Positions Precision :  4
		Normals Precision   :  3
		UVs Precision       :  3
		Vert Color Precision:  3
		Mat Weight Precision:  2
		Keep Z-up r-handed  :  no
		Texture directory   :  D:\Data\HTTP3DInc\Blender\table-round\
	Python World class constructor completed
	processing begun of camera (UniversalCamera):  Camera
	processing begun of mesh:  tabletop
		processing begun of material:  wood
		processing begun of material:  black edge
			processing texture woodstained_color
				WARNING: Exception during copy:
					'd:\\Data\\HTTP3DInc\\Blender\\table-round\\woodstained_color.jpg' and 'D:\\Data\\HTTP3DInc\\Blender\\table-round\\woodstained_color.jpg' are the same file
				texture type:  diffuseTexture, mapped using: "UVMap"
			processing texture woodstained_roughness
				WARNING: Exception during copy:
					'd:\\Data\\HTTP3DInc\\Blender\\table-round\\woodstained_roughness.jpg' and 'D:\\Data\\HTTP3DInc\\Blender\\table-round\\woodstained_roughness.jpg' are the same file
				texture type:  value not meaningful 2, mapped using: "UVMap"
			processing texture woodstained_normal
				WARNING: Exception during copy:
					'd:\\Data\\HTTP3DInc\\Blender\\table-round\\woodstained_normal.jpg' and 'D:\\Data\\HTTP3DInc\\Blender\\table-round\\woodstained_normal.jpg' are the same file
				texture type:  bumpTexture, mapped using: "UVMap"
		processing begun of multimaterial:  coffeetable.Multimaterial#0
		num positions      :  471
		num normals        :  471
		num tangents       :  0
		num uvs            :  942
		num uvs2           :  0
		num colors         :  0
		num indices        :  678
	processing begun of mesh:  tablelegs
		processing begun of material:  wood
		processing begun of material:  black edge
			processing texture woodstained_color
				WARNING: Exception during copy:
					'd:\\Data\\HTTP3DInc\\Blender\\table-round\\woodstained_color.jpg' and 'D:\\Data\\HTTP3DInc\\Blender\\table-round\\woodstained_color.jpg' are the same file
				texture type:  diffuseTexture, mapped using: "UVMap"
			processing texture woodstained_roughness
				WARNING: Exception during copy:
					'd:\\Data\\HTTP3DInc\\Blender\\table-round\\woodstained_roughness.jpg' and 'D:\\Data\\HTTP3DInc\\Blender\\table-round\\woodstained_roughness.jpg' are the same file
				texture type:  value not meaningful 2, mapped using: "UVMap"
			processing texture woodstained_normal
				WARNING: Exception during copy:
					'd:\\Data\\HTTP3DInc\\Blender\\table-round\\woodstained_normal.jpg' and 'D:\\Data\\HTTP3DInc\\Blender\\table-round\\woodstained_normal.jpg' are the same file
				texture type:  bumpTexture, mapped using: "UVMap"
		registered as also a user of material:  black edge
		processing begun of multimaterial:  coffeetable.Multimaterial#1
		num positions      :  4264
		num normals        :  4264
		num tangents       :  0
		num uvs            :  8528
		num uvs2           :  0
		num colors         :  0
		num indices        :  15606
	processing begun of light (DIRECTIONAL):  Light
========= Writing of JSON file started =========
	writing mesh:  tabletop
	writing mesh:  tablelegs
========= Writing of JSON file completed =========
========= end of processing =========
elapsed time:  0 min, 0.806 secs
