Exporter version: 2.80.1, Blender version: 2.90.0
========= Conversion from Blender to Babylon.js =========
	Scene settings used :
		Inline textures     :  false
		Material Type       :  PBR
		Positions Precision :  4
		Normals Precision   :  3
		UVs Precision       :  3
		Vert Color Precision:  3
		Mat Weight Precision:  2
		Keep Z-up r-handed  :  no
		Texture directory   :  D:\Data\HTTP3DInc\Blender\bridges\woodfootbridge\
	Python World class constructor completed
	processing begun of camera (UniversalCamera):  Camera
	processing begun of mesh:  Bridge
		processing begun of material:  wood
			processing texture wood_normal
				texture type:  bumpTexture, mapped using: "UVMap"
			processing texture wood_color
				texture type:  diffuseTexture, mapped using: "UVMap"
			processing texture wood_roughness
				texture type:  value not meaningful 2, mapped using: "UVMap"
		num positions      :  3474
		num normals        :  3474
		num tangents       :  0
		num uvs            :  6948
		num uvs2           :  6948
		num colors         :  0
		num triangles      :  3148
	processing begun of light (POINT):  Light
========= Writing of JSON file started =========
	writing mesh:  Bridge
========= Writing of JSON file completed =========
========= end of processing =========
elapsed time:  0 min, 0.5286 secs
