Exporter version: 6.3.0, Blender version: 2.80 (sub 75)
========= Conversion from Blender to Babylon.js =========
	Scene settings used :
		Inline textures     :  false
		Material Type       :  PBR
		Positions Precision :  4
		Normals Precision   :  3
		UVs Precision       :  3
		Vert Color Precision:  3
		Mat Weight Precision:  2
		Keep Z-up r-handed  :  no
		Texture directory   :  C:\Users\adishno\Desktop\roomz\roomzarcade\games\atm\
	Python World class constructor completed
	processing begun of camera (UniversalCamera):  Camera
	processing begun of mesh:  atm
		processing begun of material:  Material_32
		processing begun of material:  Material_33
			processing texture _3
				texture type:  diffuseTexture, mapped using: "UVMap"
		processing begun of multimaterial:  atm.Multimaterial#0
		Custom split normals with tangents being used
		num positions      :  141
		num normals        :  141
		num tangents       :  564
		num uvs            :  282
		num uvs2           :  0
		num colors         :  0
		num indices        :  252
		WARNING: # of 0 area faces found:  16
	processing begun of light (DIRECTIONAL):  Light
========= Writing of JSON file started =========
	writing mesh:  atm
========= Writing of JSON file completed =========
========= end of processing =========
elapsed time:  0 min, 0.1487 secs
