Exporter version: 6.3.1, Blender version: 2.82 (sub 7)
========= Conversion from Blender to Babylon.js =========
	Scene settings used :
		Inline textures     :  false
		Material Type       :  PBR
		Positions Precision :  4
		Normals Precision   :  3
		UVs Precision       :  3
		Vert Color Precision:  3
		Mat Weight Precision:  2
		Keep Z-up r-handed  :  no
		Texture directory   :  D:\Data\HTTP3DInc\Blender\building\westernstore\inside\
	Python World class constructor completed
	processing begun of camera (UniversalCamera):  Camera
	processing begun of mesh:  inside building
		processing begun of material:  Material.001
		processing begun of material:  glass
		processing begun of material:  white window sills
		processing begun of material:  black metal
		processing begun of material:  wood floor
		processing begun of material:  white paint
			processing texture whitewoodsiding_color
				texture type:  diffuseTexture, mapped using: "UVMap"
			processing texture bluewoodsiding_metalness
				texture type:  metallicTexture, mapped using: "UVMap"
			processing texture bluewoodsiding_roughness
				texture type:  value not meaningful 2, mapped using: "UVMap"
			processing texture bluewoodsiding_normal
				texture type:  bumpTexture, mapped using: "UVMap"
			processing texture blackmetal_color
				texture type:  diffuseTexture, mapped using: "UVMap"
			processing texture blackmetal_metalness
				texture type:  metallicTexture, mapped using: "UVMap"
			processing texture blackmetal_roughness
				texture type:  value not meaningful 2, mapped using: "UVMap"
			processing texture blackmetal_normal
				texture type:  bumpTexture, mapped using: "UVMap"
			processing texture woodfloor_color
				WARNING: Exception during copy:
					'd:\\Data\\HTTP3DInc\\Blender\\building\\westernstore\\inside\\woodfloor_color.jpg' and 'D:\\Data\\HTTP3DInc\\Blender\\building\\westernstore\\inside\\woodfloor_color.jpg' are the same file
				texture type:  diffuseTexture, mapped using: "UVMap"
			processing texture woodfloor_roughness
				WARNING: Exception during copy:
					'd:\\Data\\HTTP3DInc\\Blender\\building\\westernstore\\inside\\woodfloor_roughness.jpg' and 'D:\\Data\\HTTP3DInc\\Blender\\building\\westernstore\\inside\\woodfloor_roughness.jpg' are the same file
				texture type:  value not meaningful 2, mapped using: "UVMap"
			processing texture whitepaint_color
				WARNING: Exception during copy:
					'd:\\Data\\HTTP3DInc\\Blender\\building\\westernstore\\inside\\whitepaint_color.jpg' and 'D:\\Data\\HTTP3DInc\\Blender\\building\\westernstore\\inside\\whitepaint_color.jpg' are the same file
				texture type:  diffuseTexture, mapped using: "UVMap"
			processing texture whitepaint_roughness
				WARNING: Exception during copy:
					'd:\\Data\\HTTP3DInc\\Blender\\building\\westernstore\\inside\\whitepaint_roughness.jpg' and 'D:\\Data\\HTTP3DInc\\Blender\\building\\westernstore\\inside\\whitepaint_roughness.jpg' are the same file
				texture type:  value not meaningful 2, mapped using: "UVMap"
			processing texture whitepaint_normal
				WARNING: Exception during copy:
					'd:\\Data\\HTTP3DInc\\Blender\\building\\westernstore\\inside\\whitepaint_normal.jpg' and 'D:\\Data\\HTTP3DInc\\Blender\\building\\westernstore\\inside\\whitepaint_normal.jpg' are the same file
				texture type:  bumpTexture, mapped using: "UVMap"
		processing begun of multimaterial:  westernstore_inside.Multimaterial#0
		num positions      :  595
		num normals        :  595
		num tangents       :  0
		num uvs            :  1190
		num uvs2           :  0
		num colors         :  0
		num indices        :  750
	processing begun of light (DIRECTIONAL):  Light
========= Writing of JSON file started =========
	writing mesh:  inside building
========= Writing of JSON file completed =========
========= end of processing =========
elapsed time:  0 min, 0.2802 secs
