Exporter version: 6.3.1, Blender version: 2.82 (sub 7)
========= Conversion from Blender to Babylon.js =========
	Scene settings used :
		Inline textures     :  false
		Material Type       :  PBR
		Positions Precision :  4
		Normals Precision   :  3
		UVs Precision       :  3
		Vert Color Precision:  3
		Mat Weight Precision:  2
		Keep Z-up r-handed  :  no
		Texture directory   :  D:\Data\HTTP3DInc\Blender\building\mattkalla\officechair\
	Python World class constructor completed
	processing begun of camera (UniversalCamera):  Camera
	processing begun of mesh:  wheels
		processing begun of material:  Mat.3
		num positions      :  19538
		num normals        :  19538
		num tangents       :  0
		num uvs            :  39076
		num uvs2           :  0
		num colors         :  0
		num indices        :  54036
		WARNING: # of 0 area faces found:  750
	processing begun of mesh:  handles
		processing begun of material:  handles
			processing texture _2209
				WARNING: Exception during copy:
					'D:\\Data\\HTTP3DInc\\Blender\\building\\mattkalla\\officechair\\2209.jpg' and 'D:\\Data\\HTTP3DInc\\Blender\\building\\mattkalla\\officechair\\2209.jpg' are the same file
				texture type:  diffuseTexture, mapped using: "___ UVW"
		num positions      :  3036
		num normals        :  3036
		num tangents       :  0
		num uvs            :  6072
		num uvs2           :  6072
		num colors         :  0
		num indices        :  12942
	processing begun of mesh:  backbrace
		processing begun of material:  Mat.3
		registered as also a user of material:  Mat.3
		num positions      :  907
		num normals        :  907
		num tangents       :  0
		num uvs            :  1814
		num uvs2           :  1814
		num colors         :  0
		num indices        :  2298
	processing begun of mesh:  back
		processing begun of material:  Mat
			processing texture textiles_1_20090323_1963410504
				WARNING: Exception during copy:
					'D:\\Data\\HTTP3DInc\\Blender\\building\\mattkalla\\officechair\\textiles_1_20090323_1963410504.png' and 'D:\\Data\\HTTP3DInc\\Blender\\building\\mattkalla\\officechair\\textiles_1_20090323_1963410504.png' are the same file
				texture type:  diffuseTexture, mapped using: "___ UVW"
		num positions      :  316
		num normals        :  316
		num tangents       :  0
		num uvs            :  632
		num uvs2           :  632
		num colors         :  0
		num indices        :  636
	processing begun of mesh:  frame
		processing begun of material:  texture32
		processing begun of material:  Mat.3
		registered as also a user of material:  Mat.3
		processing begun of multimaterial:  officechair.Multimaterial#0
		num positions      :  7301
		num normals        :  7301
		num tangents       :  0
		num uvs            :  14602
		num uvs2           :  14602
		num colors         :  0
		num indices        :  12009
	processing begun of mesh:  seat
		processing begun of material:  Mat.1
			processing texture textiles_1_20090323_1963410504
				WARNING: Exception during copy:
					'D:\\Data\\HTTP3DInc\\Blender\\building\\mattkalla\\officechair\\textiles_1_20090323_1963410504.png' and 'D:\\Data\\HTTP3DInc\\Blender\\building\\mattkalla\\officechair\\textiles_1_20090323_1963410504.png' are the same file
				texture type:  diffuseTexture, mapped using: "___ UVW"
		num positions      :  280
		num normals        :  280
		num tangents       :  0
		num uvs            :  560
		num uvs2           :  560
		num colors         :  0
		num indices        :  594
	processing begun of mesh:  seatbrace
		processing begun of material:  Mat.3
		registered as also a user of material:  Mat.3
		num positions      :  841
		num normals        :  841
		num tangents       :  0
		num uvs            :  1682
		num uvs2           :  0
		num colors         :  0
		num indices        :  1812
	processing begun of light (POINT):  Light
========= Writing of JSON file started =========
	writing mesh:  wheels
	writing mesh:  handles
	writing mesh:  backbrace
	writing mesh:  back
	writing mesh:  frame
	writing mesh:  seat
	writing mesh:  seatbrace
========= Writing of JSON file completed =========
========= end of processing =========
elapsed time:  0 min, 4.628 secs
