Exporter version: 2.93.5, Blender version: 3.2.1
========= Conversion from Blender to Babylon.js =========
	Scene settings used :
		Inline textures     :  false
		Material Type       :  PBR
		Positions Precision :  4
		Normals Precision   :  3
		UVs Precision       :  3
		Vert Color Precision:  3
		Mat Weight Precision:  2
		Keep Z-up r-handed  :  no
		Texture directory   :  C:\Data\HTTP3DInc\Blender\vintagestore\
	Python World class constructor completed
	processing begun of mesh:  building
		processing begun of material:  Material
		processing begun of material:  glass
		processing begun of material:  foundation
		processing begun of material:  brickwalls
		processing begun of material:  floor
		processing begun of material:  ceiling
		processing begun of material:  awning
		processing begun of material:  awningbars
			processing texture Wood049_1K_Color
				texture type:  diffuseTexture, mapped using: "UVMap"
			processing texture Wood049_1K_Roughness
				texture type:  value not meaningful 2, mapped using: "UVMap"
			processing texture Wood049_1K_NormalDX
				texture type:  bumpTexture, mapped using: "UVMap"
			processing texture Concrete021_1K_Color
				texture type:  diffuseTexture, mapped using: "UVMap"
			processing texture Concrete021_1K_Roughness
				texture type:  value not meaningful 2, mapped using: "UVMap"
			processing texture Concrete021_1K_NormalDX
				texture type:  bumpTexture, mapped using: "UVMap"
			processing texture Bricks056_1K_Color
				texture type:  diffuseTexture, mapped using: "UVMap"
			processing texture Bricks056_1K_AmbientOcclusion
				texture type:  specularTexture, mapped using: "UVMap"
			processing texture Bricks056_1K_Roughness
				texture type:  value not meaningful 2, mapped using: "UVMap"
			processing texture Bricks056_1K_NormalDX
				texture type:  bumpTexture, mapped using: "UVMap"
			processing texture Tiles051_1K_Color
				texture type:  diffuseTexture, mapped using: "UVMap"
			processing texture Tiles051_1K_Roughness
				texture type:  value not meaningful 2, mapped using: "UVMap"
			processing texture Tiles051_1K_NormalDX
				texture type:  bumpTexture, mapped using: "UVMap"
			processing texture Tiles043_1K_Color
				texture type:  diffuseTexture, mapped using: "UVMap"
			processing texture Tiles043_1K_Roughness
				texture type:  value not meaningful 2, mapped using: "UVMap"
			processing texture Tiles043_1K_NormalDX
				texture type:  bumpTexture, mapped using: "UVMap"
			processing texture Fabric061_1K_Color
				texture type:  diffuseTexture, mapped using: "UVMap"
			processing texture Fabric061_1K_AmbientOcclusion
				texture type:  specularTexture, mapped using: "UVMap"
			processing texture Fabric061_1K_Roughness
				texture type:  value not meaningful 2, mapped using: "UVMap"
			processing texture Fabric061_1K_NormalDX
				texture type:  bumpTexture, mapped using: "UVMap"
		processing begun of multimaterial:  vintagestore.Multimaterial#0
		num positions      :  4116
		num normals        :  4116
		num tangents       :  0
		num uvs            :  8232
		num uvs2           :  0
		num colors         :  0
		num triangles      :  2223
	processing begun of camera (UniversalCamera):  Camera
	processing begun of light (POINT):  Light
========= Writing of JSON file started =========
	writing mesh:  building
========= Writing of JSON file completed =========
========= end of processing =========
elapsed time:  0 min, 0.271 secs
