Exporter version: 2.93.5, Blender version: 3.2.1
========= Conversion from Blender to Babylon.js =========
	Scene settings used :
		Inline textures     :  false
		Material Type       :  PBR
		Positions Precision :  4
		Normals Precision   :  3
		UVs Precision       :  3
		Vert Color Precision:  3
		Mat Weight Precision:  2
		Keep Z-up r-handed  :  no
		Texture directory   :  C:\Data\HTTP3DInc\Blender\tabledisplaysmall\
	Python World class constructor completed
	processing begun of camera (UniversalCamera):  Camera
	processing begun of mesh:  tables
		processing begun of material:  tabletop
			processing texture yellowwood_color
				texture type:  diffuseTexture, mapped using: "UVMap"
			processing texture yellowwood_metalness
				texture type:  metallicTexture, mapped using: "UVMap"
			processing texture yellowwood_roughness
				texture type:  value not meaningful 2, mapped using: "UVMap"
			processing texture yellowwood_normal
				texture type:  bumpTexture, mapped using: "UVMap"
		num positions      :  868
		num normals        :  868
		num tangents       :  0
		num uvs            :  1736
		num uvs2           :  0
		num colors         :  0
		num triangles      :  434
	processing begun of mesh:  legs
		processing begun of material:  tablelegs
			processing texture yellowwood_color
				texture type:  diffuseTexture, mapped using: "UVMap"
			processing texture yellowwood_metalness
				texture type:  metallicTexture, mapped using: "UVMap"
			processing texture yellowwood_roughness
				texture type:  value not meaningful 2, mapped using: "UVMap"
			processing texture yellowwood_normal
				texture type:  bumpTexture, mapped using: "UVMap"
		num positions      :  514
		num normals        :  514
		num tangents       :  0
		num uvs            :  1028
		num uvs2           :  0
		num colors         :  0
		num triangles      :  824
	processing begun of mesh:  edges
		processing begun of material:  edgebumper
		num positions      :  240
		num normals        :  240
		num tangents       :  0
		num uvs            :  480
		num uvs2           :  0
		num colors         :  0
		num triangles      :  320
	processing begun of light (DIRECTIONAL):  Light
========= Writing of JSON file started =========
	writing mesh:  tables
	writing mesh:  legs
	writing mesh:  edges
========= Writing of JSON file completed =========
========= end of processing =========
elapsed time:  0 min, 0.1897 secs
