Exporter version: 6.3.1, Blender version: 2.82 (sub 7)
========= Conversion from Blender to Babylon.js =========
	Scene settings used :
		Inline textures     :  false
		Material Type       :  PBR
		Positions Precision :  4
		Normals Precision   :  3
		UVs Precision       :  3
		Vert Color Precision:  3
		Mat Weight Precision:  2
		Keep Z-up r-handed  :  no
		Texture directory   :  D:\Data\HTTP3DInc\Blender\table-round\
	Python World class constructor completed
	processing begun of camera (UniversalCamera):  Camera
	processing begun of mesh:  table
		processing begun of material:  blackmetal
		processing begun of material:  wood
		processing begun of material:  blackmetal-light
		processing begun of material:  blackmetal-medium
			processing texture blackmetal_color
				WARNING: Exception during copy:
					'd:\\Data\\HTTP3DInc\\Blender\\table-round\\blackmetal_color.jpg' and 'D:\\Data\\HTTP3DInc\\Blender\\table-round\\blackmetal_color.jpg' are the same file
				texture type:  diffuseTexture, mapped using: "UVMap"
			processing texture blackmetal_metalness
				WARNING: Exception during copy:
					'd:\\Data\\HTTP3DInc\\Blender\\table-round\\blackmetal_metalness.jpg' and 'D:\\Data\\HTTP3DInc\\Blender\\table-round\\blackmetal_metalness.jpg' are the same file
				texture type:  metallicTexture, mapped using: "UVMap"
			processing texture blackmetal_roughness
				WARNING: Exception during copy:
					'd:\\Data\\HTTP3DInc\\Blender\\table-round\\blackmetal_roughness.jpg' and 'D:\\Data\\HTTP3DInc\\Blender\\table-round\\blackmetal_roughness.jpg' are the same file
				texture type:  value not meaningful 2, mapped using: "UVMap"
			processing texture blackmetal_normal
				WARNING: Exception during copy:
					'd:\\Data\\HTTP3DInc\\Blender\\table-round\\blackmetal_normal.jpg' and 'D:\\Data\\HTTP3DInc\\Blender\\table-round\\blackmetal_normal.jpg' are the same file
				texture type:  bumpTexture, mapped using: "UVMap"
			processing texture woodstained_color
				WARNING: Exception during copy:
					'd:\\Data\\HTTP3DInc\\Blender\\table-round\\woodstained_color.jpg' and 'D:\\Data\\HTTP3DInc\\Blender\\table-round\\woodstained_color.jpg' are the same file
				texture type:  diffuseTexture, mapped using: "UVMap"
			processing texture woodstained_roughness
				WARNING: Exception during copy:
					'd:\\Data\\HTTP3DInc\\Blender\\table-round\\woodstained_roughness.jpg' and 'D:\\Data\\HTTP3DInc\\Blender\\table-round\\woodstained_roughness.jpg' are the same file
				texture type:  value not meaningful 2, mapped using: "UVMap"
			processing texture woodstained_normal
				WARNING: Exception during copy:
					'd:\\Data\\HTTP3DInc\\Blender\\table-round\\woodstained_normal.jpg' and 'D:\\Data\\HTTP3DInc\\Blender\\table-round\\woodstained_normal.jpg' are the same file
				texture type:  bumpTexture, mapped using: "UVMap"
			processing texture blackmetal_color
				WARNING: Exception during copy:
					'd:\\Data\\HTTP3DInc\\Blender\\table-round\\blackmetal_color.jpg' and 'D:\\Data\\HTTP3DInc\\Blender\\table-round\\blackmetal_color.jpg' are the same file
				texture type:  diffuseTexture, mapped using: "UVMap"
			processing texture blackmetal_metalness
				WARNING: Exception during copy:
					'd:\\Data\\HTTP3DInc\\Blender\\table-round\\blackmetal_metalness.jpg' and 'D:\\Data\\HTTP3DInc\\Blender\\table-round\\blackmetal_metalness.jpg' are the same file
				texture type:  metallicTexture, mapped using: "UVMap"
			processing texture blackmetal_roughness
				WARNING: Exception during copy:
					'd:\\Data\\HTTP3DInc\\Blender\\table-round\\blackmetal_roughness.jpg' and 'D:\\Data\\HTTP3DInc\\Blender\\table-round\\blackmetal_roughness.jpg' are the same file
				texture type:  value not meaningful 2, mapped using: "UVMap"
			processing texture blackmetal_normal
				WARNING: Exception during copy:
					'd:\\Data\\HTTP3DInc\\Blender\\table-round\\blackmetal_normal.jpg' and 'D:\\Data\\HTTP3DInc\\Blender\\table-round\\blackmetal_normal.jpg' are the same file
				texture type:  bumpTexture, mapped using: "UVMap"
			processing texture blackmetal_color
				WARNING: Exception during copy:
					'd:\\Data\\HTTP3DInc\\Blender\\table-round\\blackmetal_color.jpg' and 'D:\\Data\\HTTP3DInc\\Blender\\table-round\\blackmetal_color.jpg' are the same file
				texture type:  diffuseTexture, mapped using: "UVMap"
			processing texture blackmetal_metalness
				WARNING: Exception during copy:
					'd:\\Data\\HTTP3DInc\\Blender\\table-round\\blackmetal_metalness.jpg' and 'D:\\Data\\HTTP3DInc\\Blender\\table-round\\blackmetal_metalness.jpg' are the same file
				texture type:  metallicTexture, mapped using: "UVMap"
			processing texture blackmetal_roughness
				WARNING: Exception during copy:
					'd:\\Data\\HTTP3DInc\\Blender\\table-round\\blackmetal_roughness.jpg' and 'D:\\Data\\HTTP3DInc\\Blender\\table-round\\blackmetal_roughness.jpg' are the same file
				texture type:  value not meaningful 2, mapped using: "UVMap"
			processing texture blackmetal_normal
				WARNING: Exception during copy:
					'd:\\Data\\HTTP3DInc\\Blender\\table-round\\blackmetal_normal.jpg' and 'D:\\Data\\HTTP3DInc\\Blender\\table-round\\blackmetal_normal.jpg' are the same file
				texture type:  bumpTexture, mapped using: "UVMap"
		processing begun of multimaterial:  table_rectangle.Multimaterial#0
		num positions      :  948
		num normals        :  948
		num tangents       :  0
		num uvs            :  1896
		num uvs2           :  0
		num colors         :  0
		num indices        :  2874
	processing begun of mesh:  tabletop
		processing begun of material:  blackmetal
		processing begun of material:  wood
		processing begun of material:  blackmetal-light
		processing begun of material:  blackmetal-medium
			processing texture blackmetal_color
				WARNING: Exception during copy:
					'd:\\Data\\HTTP3DInc\\Blender\\table-round\\blackmetal_color.jpg' and 'D:\\Data\\HTTP3DInc\\Blender\\table-round\\blackmetal_color.jpg' are the same file
				texture type:  diffuseTexture, mapped using: "UVMap"
			processing texture blackmetal_metalness
				WARNING: Exception during copy:
					'd:\\Data\\HTTP3DInc\\Blender\\table-round\\blackmetal_metalness.jpg' and 'D:\\Data\\HTTP3DInc\\Blender\\table-round\\blackmetal_metalness.jpg' are the same file
				texture type:  metallicTexture, mapped using: "UVMap"
			processing texture blackmetal_roughness
				WARNING: Exception during copy:
					'd:\\Data\\HTTP3DInc\\Blender\\table-round\\blackmetal_roughness.jpg' and 'D:\\Data\\HTTP3DInc\\Blender\\table-round\\blackmetal_roughness.jpg' are the same file
				texture type:  value not meaningful 2, mapped using: "UVMap"
			processing texture blackmetal_normal
				WARNING: Exception during copy:
					'd:\\Data\\HTTP3DInc\\Blender\\table-round\\blackmetal_normal.jpg' and 'D:\\Data\\HTTP3DInc\\Blender\\table-round\\blackmetal_normal.jpg' are the same file
				texture type:  bumpTexture, mapped using: "UVMap"
		registered as also a user of material:  wood
		registered as also a user of material:  blackmetal-light
		registered as also a user of material:  blackmetal-medium
		processing begun of multimaterial:  table_rectangle.Multimaterial#1
		num positions      :  56
		num normals        :  56
		num tangents       :  0
		num uvs            :  112
		num uvs2           :  0
		num colors         :  0
		num indices        :  156
	processing begun of light (DIRECTIONAL):  Light
========= Writing of JSON file started =========
	writing mesh:  table
	writing mesh:  tabletop
========= Writing of JSON file completed =========
========= end of processing =========
elapsed time:  0 min, 0.3021 secs
